 
                           DSSP
            by Wolfgang Kabsch and Chris Sander

Defines secondary structure and solvent exposure of proteins from
atomic coordinates as given in Protein Data Bank format.   

_________________________________________________________________________
This version licensed to Ethan Benatan at Univ_Pittsburgh               
for academic purposes.                                                 
Do not redistribute. 

Commercial licenses available on request.                                

Copyright by Wolfgang Kabsch and Chris Sander, 1983, 1985, 1988. 
Fax: +49-6221-387 306

Algorithm version October 1988. Refer to Biopolymers 22(1983) 2577-2637.
Do report errors if you find any.

Email: Sander@embl-heidelberg.de 
       Kabsch@embl-heidelberg.de 

_________________________________________________________________________
Related databases and datasets available from the Protein
Design Group at EMBL via anonymous ftp from embl-heidelberg.de:

pdb_select   Representative set of protein structures.
             By U. Hobohm, C. Sander, M. Scharf and R. Schneider.
             See Protein Science 1, 409-417.
DSSP         Dictionary of secondary structures of proteins. 
HSSP         Database of sequence-homology derived protein families.
             By C. Sander and R.Schneider.
             See Proteins 9, 56-68 (1991).
FSSP         Database of protein structure families with 
             common folding motifs. 
             L.Holm, C. Ouzounis, C. Sander, G.Tuparev, G. Vriend
             See Protein Science, in the press (1992).
In the XSSP databases, there is one dataset for each unique or
             representative PDB protein, e.g., 1PPT.HSSP etc.

Restrictions:Commercial users must apply for a license. 
             Not to be used for classified research.
 !!! RESIDUE ARG    2 A HAS 11 INSTEAD OF EXPECTED   7 SIDECHAIN ATOMS.
     LAST SIDECHAIN ATOM NAME IS HH22
     CALCULATED SOLVENT ACCESSIBILITY INCLUDES EXTRA ATOMS !!!

 !!! RESIDUE GLN   16 A HAS  7 INSTEAD OF EXPECTED   5 SIDECHAIN ATOMS.
     LAST SIDECHAIN ATOM NAME IS HE22
     CALCULATED SOLVENT ACCESSIBILITY INCLUDES EXTRA ATOMS !!!

 !!! RESIDUE GLN   18 A HAS  7 INSTEAD OF EXPECTED   5 SIDECHAIN ATOMS.
     LAST SIDECHAIN ATOM NAME IS HE22
     CALCULATED SOLVENT ACCESSIBILITY INCLUDES EXTRA ATOMS !!!

 !!! RESIDUE GLN   28 A HAS  7 INSTEAD OF EXPECTED   5 SIDECHAIN ATOMS.
     LAST SIDECHAIN ATOM NAME IS HE22
     CALCULATED SOLVENT ACCESSIBILITY INCLUDES EXTRA ATOMS !!!

 !!! RESIDUE ARG   36 A HAS 11 INSTEAD OF EXPECTED   7 SIDECHAIN ATOMS.
     LAST SIDECHAIN ATOM NAME IS HH22
     CALCULATED SOLVENT ACCESSIBILITY INCLUDES EXTRA ATOMS !!!

 !!! RESIDUE GLN   48 A HAS  7 INSTEAD OF EXPECTED   5 SIDECHAIN ATOMS.
     LAST SIDECHAIN ATOM NAME IS HE22
     CALCULATED SOLVENT ACCESSIBILITY INCLUDES EXTRA ATOMS !!!

 !!! RESIDUE ARG   71 A HAS 11 INSTEAD OF EXPECTED   7 SIDECHAIN ATOMS.
     LAST SIDECHAIN ATOM NAME IS HH22
     CALCULATED SOLVENT ACCESSIBILITY INCLUDES EXTRA ATOMS !!!

 !!! RESIDUE GLN   74 A HAS  7 INSTEAD OF EXPECTED   5 SIDECHAIN ATOMS.
     LAST SIDECHAIN ATOM NAME IS HE22
     CALCULATED SOLVENT ACCESSIBILITY INCLUDES EXTRA ATOMS !!!

 !!! RESIDUE ARG   78 A HAS 11 INSTEAD OF EXPECTED   7 SIDECHAIN ATOMS.
     LAST SIDECHAIN ATOM NAME IS HH22
     CALCULATED SOLVENT ACCESSIBILITY INCLUDES EXTRA ATOMS !!!

 !!! RESIDUE ASN   79 A HAS  6 INSTEAD OF EXPECTED   4 SIDECHAIN ATOMS.
     LAST SIDECHAIN ATOM NAME IS HD22
     CALCULATED SOLVENT ACCESSIBILITY INCLUDES EXTRA ATOMS !!!

 !!! RESIDUE ARG   88 A HAS 11 INSTEAD OF EXPECTED   7 SIDECHAIN ATOMS.
     LAST SIDECHAIN ATOM NAME IS HH22
     CALCULATED SOLVENT ACCESSIBILITY INCLUDES EXTRA ATOMS !!!

 !!! RESIDUE GLN   92 A HAS  7 INSTEAD OF EXPECTED   5 SIDECHAIN ATOMS.
     LAST SIDECHAIN ATOM NAME IS HE22
     CALCULATED SOLVENT ACCESSIBILITY INCLUDES EXTRA ATOMS !!!

 !!! RESIDUE ASN  102 A HAS  6 INSTEAD OF EXPECTED   4 SIDECHAIN ATOMS.
     LAST SIDECHAIN ATOM NAME IS HD22
     CALCULATED SOLVENT ACCESSIBILITY INCLUDES EXTRA ATOMS !!!

 !!! RESIDUE ARG  119 A HAS 11 INSTEAD OF EXPECTED   7 SIDECHAIN ATOMS.
     LAST SIDECHAIN ATOM NAME IS HH22
     CALCULATED SOLVENT ACCESSIBILITY INCLUDES EXTRA ATOMS !!!

 !!! RESIDUE ARG  123 A HAS 11 INSTEAD OF EXPECTED   7 SIDECHAIN ATOMS.
     LAST SIDECHAIN ATOM NAME IS HH22
     CALCULATED SOLVENT ACCESSIBILITY INCLUDES EXTRA ATOMS !!!

 !!! RESIDUE ARG  124 A HAS 11 INSTEAD OF EXPECTED   7 SIDECHAIN ATOMS.
     LAST SIDECHAIN ATOM NAME IS HH22
     CALCULATED SOLVENT ACCESSIBILITY INCLUDES EXTRA ATOMS !!!

 !!! RESIDUE ARG  131 A HAS 11 INSTEAD OF EXPECTED   7 SIDECHAIN ATOMS.
     LAST SIDECHAIN ATOM NAME IS HH22
     CALCULATED SOLVENT ACCESSIBILITY INCLUDES EXTRA ATOMS !!!

 !!! RESIDUE ASN  138 A HAS  6 INSTEAD OF EXPECTED   4 SIDECHAIN ATOMS.
     LAST SIDECHAIN ATOM NAME IS HD22
     CALCULATED SOLVENT ACCESSIBILITY INCLUDES EXTRA ATOMS !!!

 !!! RESIDUE ARG  156 A HAS 11 INSTEAD OF EXPECTED   7 SIDECHAIN ATOMS.
     LAST SIDECHAIN ATOM NAME IS HH22
     CALCULATED SOLVENT ACCESSIBILITY INCLUDES EXTRA ATOMS !!!

 !!! RESIDUE GLN  160 A HAS  7 INSTEAD OF EXPECTED   5 SIDECHAIN ATOMS.
     LAST SIDECHAIN ATOM NAME IS HE22
     CALCULATED SOLVENT ACCESSIBILITY INCLUDES EXTRA ATOMS !!!

 !!! RESIDUE ARG  165 A HAS 11 INSTEAD OF EXPECTED   7 SIDECHAIN ATOMS.
     LAST SIDECHAIN ATOM NAME IS HH22
     CALCULATED SOLVENT ACCESSIBILITY INCLUDES EXTRA ATOMS !!!

 !!! RESIDUE ARG  167 A HAS 11 INSTEAD OF EXPECTED   7 SIDECHAIN ATOMS.
     LAST SIDECHAIN ATOM NAME IS HH22
     CALCULATED SOLVENT ACCESSIBILITY INCLUDES EXTRA ATOMS !!!

 !!! RESIDUE GLN  173 A HAS  7 INSTEAD OF EXPECTED   5 SIDECHAIN ATOMS.
     LAST SIDECHAIN ATOM NAME IS HE22
     CALCULATED SOLVENT ACCESSIBILITY INCLUDES EXTRA ATOMS !!!

 !!! RESIDUE ASN  190 A HAS  6 INSTEAD OF EXPECTED   4 SIDECHAIN ATOMS.
     LAST SIDECHAIN ATOM NAME IS HD22
     CALCULATED SOLVENT ACCESSIBILITY INCLUDES EXTRA ATOMS !!!

 !!! RESIDUE ARG  206 A HAS 11 INSTEAD OF EXPECTED   7 SIDECHAIN ATOMS.
     LAST SIDECHAIN ATOM NAME IS HH22
     CALCULATED SOLVENT ACCESSIBILITY INCLUDES EXTRA ATOMS !!!

 !!! RESIDUE GLY  214 A HAS  1 INSTEAD OF EXPECTED   0 SIDECHAIN ATOMS.
     LAST SIDECHAIN ATOM NAME IS  OXT
     CALCULATED SOLVENT ACCESSIBILITY INCLUDES EXTRA ATOMS !!!

 !!! RESIDUE ARG    2 B HAS 11 INSTEAD OF EXPECTED   7 SIDECHAIN ATOMS.
     LAST SIDECHAIN ATOM NAME IS HH22
     CALCULATED SOLVENT ACCESSIBILITY INCLUDES EXTRA ATOMS !!!

 !!! RESIDUE GLN   16 B HAS  7 INSTEAD OF EXPECTED   5 SIDECHAIN ATOMS.
     LAST SIDECHAIN ATOM NAME IS HE22
     CALCULATED SOLVENT ACCESSIBILITY INCLUDES EXTRA ATOMS !!!

 !!! RESIDUE GLN   18 B HAS  7 INSTEAD OF EXPECTED   5 SIDECHAIN ATOMS.
     LAST SIDECHAIN ATOM NAME IS HE22
     CALCULATED SOLVENT ACCESSIBILITY INCLUDES EXTRA ATOMS !!!

 !!! RESIDUE GLN   28 B HAS  7 INSTEAD OF EXPECTED   5 SIDECHAIN ATOMS.
     LAST SIDECHAIN ATOM NAME IS HE22
     CALCULATED SOLVENT ACCESSIBILITY INCLUDES EXTRA ATOMS !!!

 !!! RESIDUE ARG   36 B HAS 11 INSTEAD OF EXPECTED   7 SIDECHAIN ATOMS.
     LAST SIDECHAIN ATOM NAME IS HH22
     CALCULATED SOLVENT ACCESSIBILITY INCLUDES EXTRA ATOMS !!!

 !!! RESIDUE GLN   48 B HAS  7 INSTEAD OF EXPECTED   5 SIDECHAIN ATOMS.
     LAST SIDECHAIN ATOM NAME IS HE22
     CALCULATED SOLVENT ACCESSIBILITY INCLUDES EXTRA ATOMS !!!

 !!! RESIDUE ARG   71 B HAS 11 INSTEAD OF EXPECTED   7 SIDECHAIN ATOMS.
     LAST SIDECHAIN ATOM NAME IS HH22
     CALCULATED SOLVENT ACCESSIBILITY INCLUDES EXTRA ATOMS !!!

 !!! RESIDUE GLN   74 B HAS  7 INSTEAD OF EXPECTED   5 SIDECHAIN ATOMS.
     LAST SIDECHAIN ATOM NAME IS HE22
     CALCULATED SOLVENT ACCESSIBILITY INCLUDES EXTRA ATOMS !!!

 !!! RESIDUE ARG   78 B HAS 11 INSTEAD OF EXPECTED   7 SIDECHAIN ATOMS.
     LAST SIDECHAIN ATOM NAME IS HH22
     CALCULATED SOLVENT ACCESSIBILITY INCLUDES EXTRA ATOMS !!!

 !!! RESIDUE ASN   79 B HAS  6 INSTEAD OF EXPECTED   4 SIDECHAIN ATOMS.
     LAST SIDECHAIN ATOM NAME IS HD22
     CALCULATED SOLVENT ACCESSIBILITY INCLUDES EXTRA ATOMS !!!

 !!! RESIDUE ARG   88 B HAS 11 INSTEAD OF EXPECTED   7 SIDECHAIN ATOMS.
     LAST SIDECHAIN ATOM NAME IS HH22
     CALCULATED SOLVENT ACCESSIBILITY INCLUDES EXTRA ATOMS !!!

 !!! RESIDUE GLN   92 B HAS  7 INSTEAD OF EXPECTED   5 SIDECHAIN ATOMS.
     LAST SIDECHAIN ATOM NAME IS HE22
     CALCULATED SOLVENT ACCESSIBILITY INCLUDES EXTRA ATOMS !!!

 !!! RESIDUE ASN  102 B HAS  6 INSTEAD OF EXPECTED   4 SIDECHAIN ATOMS.
     LAST SIDECHAIN ATOM NAME IS HD22
     CALCULATED SOLVENT ACCESSIBILITY INCLUDES EXTRA ATOMS !!!

 !!! RESIDUE ARG  119 B HAS 11 INSTEAD OF EXPECTED   7 SIDECHAIN ATOMS.
     LAST SIDECHAIN ATOM NAME IS HH22
     CALCULATED SOLVENT ACCESSIBILITY INCLUDES EXTRA ATOMS !!!

 !!! RESIDUE ARG  123 B HAS 11 INSTEAD OF EXPECTED   7 SIDECHAIN ATOMS.
     LAST SIDECHAIN ATOM NAME IS HH22
     CALCULATED SOLVENT ACCESSIBILITY INCLUDES EXTRA ATOMS !!!

 !!! RESIDUE ARG  124 B HAS 11 INSTEAD OF EXPECTED   7 SIDECHAIN ATOMS.
     LAST SIDECHAIN ATOM NAME IS HH22
     CALCULATED SOLVENT ACCESSIBILITY INCLUDES EXTRA ATOMS !!!

 !!! RESIDUE ARG  131 B HAS 11 INSTEAD OF EXPECTED   7 SIDECHAIN ATOMS.
     LAST SIDECHAIN ATOM NAME IS HH22
     CALCULATED SOLVENT ACCESSIBILITY INCLUDES EXTRA ATOMS !!!

 !!! RESIDUE ASN  138 B HAS  6 INSTEAD OF EXPECTED   4 SIDECHAIN ATOMS.
     LAST SIDECHAIN ATOM NAME IS HD22
     CALCULATED SOLVENT ACCESSIBILITY INCLUDES EXTRA ATOMS !!!

 !!! RESIDUE ARG  156 B HAS 11 INSTEAD OF EXPECTED   7 SIDECHAIN ATOMS.
     LAST SIDECHAIN ATOM NAME IS HH22
     CALCULATED SOLVENT ACCESSIBILITY INCLUDES EXTRA ATOMS !!!

 !!! RESIDUE GLN  160 B HAS  7 INSTEAD OF EXPECTED   5 SIDECHAIN ATOMS.
     LAST SIDECHAIN ATOM NAME IS HE22
     CALCULATED SOLVENT ACCESSIBILITY INCLUDES EXTRA ATOMS !!!

 !!! RESIDUE ARG  165 B HAS 11 INSTEAD OF EXPECTED   7 SIDECHAIN ATOMS.
     LAST SIDECHAIN ATOM NAME IS HH22
     CALCULATED SOLVENT ACCESSIBILITY INCLUDES EXTRA ATOMS !!!

 !!! RESIDUE ARG  167 B HAS 11 INSTEAD OF EXPECTED   7 SIDECHAIN ATOMS.
     LAST SIDECHAIN ATOM NAME IS HH22
     CALCULATED SOLVENT ACCESSIBILITY INCLUDES EXTRA ATOMS !!!

 !!! RESIDUE GLN  173 B HAS  7 INSTEAD OF EXPECTED   5 SIDECHAIN ATOMS.
     LAST SIDECHAIN ATOM NAME IS HE22
     CALCULATED SOLVENT ACCESSIBILITY INCLUDES EXTRA ATOMS !!!

 !!! RESIDUE ASN  190 B HAS  6 INSTEAD OF EXPECTED   4 SIDECHAIN ATOMS.
     LAST SIDECHAIN ATOM NAME IS HD22
     CALCULATED SOLVENT ACCESSIBILITY INCLUDES EXTRA ATOMS !!!

 !!! RESIDUE ARG  206 B HAS 11 INSTEAD OF EXPECTED   7 SIDECHAIN ATOMS.
     LAST SIDECHAIN ATOM NAME IS HH22
     CALCULATED SOLVENT ACCESSIBILITY INCLUDES EXTRA ATOMS !!!

 !!! RESIDUE GLY  214 B HAS  1 INSTEAD OF EXPECTED   0 SIDECHAIN ATOMS.
     LAST SIDECHAIN ATOM NAME IS  OXT
     CALCULATED SOLVENT ACCESSIBILITY INCLUDES EXTRA ATOMS !!!

 !!!          604 HYDROGEN OR DEUTERIUM ATOMS WERE IGNORED
     IN THE CALCULATION OF SIDE CHAIN SOLVENT 
     ACCESSIBILITY !!!
 !!! POLYPEPTIDE CHAIN INTERRUPTED !!!
INPUTCOORDINATES DONE         429
FLAGSSBONDS DONE
FLAGCHIRALITY DONE
FLAGHYDROGENBONDS DONE
FLAGBRIDGE DONE
FLAGTURN DONE
FLAGACCESS DONE
PRINTOUT DONE
