 
                           DSSP
            by Wolfgang Kabsch and Chris Sander

Defines secondary structure and solvent exposure of proteins from
atomic coordinates as given in Protein Data Bank format.   

_________________________________________________________________________
This version licensed to Ethan Benatan at Univ_Pittsburgh               
for academic purposes.                                                 
Do not redistribute. 

Commercial licenses available on request.                                

Copyright by Wolfgang Kabsch and Chris Sander, 1983, 1985, 1988. 
Fax: +49-6221-387 306

Algorithm version October 1988. Refer to Biopolymers 22(1983) 2577-2637.
Do report errors if you find any.

Email: Sander@embl-heidelberg.de 
       Kabsch@embl-heidelberg.de 

_________________________________________________________________________
Related databases and datasets available from the Protein
Design Group at EMBL via anonymous ftp from embl-heidelberg.de:

pdb_select   Representative set of protein structures.
             By U. Hobohm, C. Sander, M. Scharf and R. Schneider.
             See Protein Science 1, 409-417.
DSSP         Dictionary of secondary structures of proteins. 
HSSP         Database of sequence-homology derived protein families.
             By C. Sander and R.Schneider.
             See Proteins 9, 56-68 (1991).
FSSP         Database of protein structure families with 
             common folding motifs. 
             L.Holm, C. Ouzounis, C. Sander, G.Tuparev, G. Vriend
             See Protein Science, in the press (1992).
In the XSSP databases, there is one dataset for each unique or
             representative PDB protein, e.g., 1PPT.HSSP etc.

Restrictions:Commercial users must apply for a license. 
             Not to be used for classified research.
 !!! RESIDUE  DG  101 B HAS NONSTANDARD NAME.
     RESIDUE WILL BE IGNORED !!!
 !!! RESIDUE  DG  101 B HAS NONSTANDARD NAME.
     RESIDUE WILL BE IGNORED !!!
 !!! RESIDUE  DG  101 B HAS NONSTANDARD NAME.
     RESIDUE WILL BE IGNORED !!!
 !!! RESIDUE  DG  101 B HAS NONSTANDARD NAME.
     RESIDUE WILL BE IGNORED !!!
 !!! RESIDUE  DG  101 B HAS NONSTANDARD NAME.
     RESIDUE WILL BE IGNORED !!!
 !!! RESIDUE  DG  101 B HAS NONSTANDARD NAME.
     RESIDUE WILL BE IGNORED !!!
 !!! RESIDUE  DG  101 B HAS NONSTANDARD NAME.
     RESIDUE WILL BE IGNORED !!!
 !!! RESIDUE  DG  101 B HAS NONSTANDARD NAME.
     RESIDUE WILL BE IGNORED !!!
 !!! RESIDUE  DG  101 B HAS NONSTANDARD NAME.
     RESIDUE WILL BE IGNORED !!!
 !!! RESIDUE  DG  101 B HAS NONSTANDARD NAME.
     RESIDUE WILL BE IGNORED !!!
 !!! RESIDUE  DG  101 B HAS NONSTANDARD NAME.
     RESIDUE WILL BE IGNORED !!!
 !!! RESIDUE  DG  101 B HAS NONSTANDARD NAME.
     RESIDUE WILL BE IGNORED !!!
 !!! RESIDUE  DG  101 B HAS NONSTANDARD NAME.
     RESIDUE WILL BE IGNORED !!!
 !!! RESIDUE  DG  101 B HAS NONSTANDARD NAME.
     RESIDUE WILL BE IGNORED !!!
 !!! RESIDUE  DG  101 B HAS NONSTANDARD NAME.
     RESIDUE WILL BE IGNORED !!!
 !!! RESIDUE  DG  101 B HAS NONSTANDARD NAME.
     RESIDUE WILL BE IGNORED !!!
 !!! RESIDUE  DG  101 B HAS NONSTANDARD NAME.
     RESIDUE WILL BE IGNORED !!!
 !!! RESIDUE  DG  101 B HAS NONSTANDARD NAME.
     RESIDUE WILL BE IGNORED !!!
 !!! RESIDUE  DG  101 B HAS NONSTANDARD NAME.
     RESIDUE WILL BE IGNORED !!!
 !!! RESIDUE  DG  101 B HAS NONSTANDARD NAME.
     RESIDUE WILL BE IGNORED !!!
 !!! RESIDUE  DG  101 B HAS NONSTANDARD NAME.
     RESIDUE WILL BE IGNORED !!!
 !!! RESIDUE  DG  101 B HAS NONSTANDARD NAME.
     RESIDUE WILL BE IGNORED !!!
 !!! RESIDUE  DG  101 B HAS NONSTANDARD NAME.
     RESIDUE WILL BE IGNORED !!!
 !!! RESIDUE  DT  102 B HAS NONSTANDARD NAME.
     RESIDUE WILL BE IGNORED !!!
 !!! RESIDUE  DT  102 B HAS NONSTANDARD NAME.
     RESIDUE WILL BE IGNORED !!!
 !!! RESIDUE  DT  102 B HAS NONSTANDARD NAME.
     RESIDUE WILL BE IGNORED !!!
 !!! RESIDUE  DT  102 B HAS NONSTANDARD NAME.
     RESIDUE WILL BE IGNORED !!!
 !!! RESIDUE  DT  102 B HAS NONSTANDARD NAME.
     RESIDUE WILL BE IGNORED !!!
 !!! RESIDUE  DT  102 B HAS NONSTANDARD NAME.
     RESIDUE WILL BE IGNORED !!!
 !!! RESIDUE  DT  102 B HAS NONSTANDARD NAME.
     RESIDUE WILL BE IGNORED !!!
 !!! RESIDUE  DT  102 B HAS NONSTANDARD NAME.
     RESIDUE WILL BE IGNORED !!!
 !!! RESIDUE  DT  102 B HAS NONSTANDARD NAME.
     RESIDUE WILL BE IGNORED !!!
 !!! RESIDUE  DT  102 B HAS NONSTANDARD NAME.
     RESIDUE WILL BE IGNORED !!!
 !!! RESIDUE  DT  102 B HAS NONSTANDARD NAME.
     RESIDUE WILL BE IGNORED !!!
 !!! RESIDUE  DT  102 B HAS NONSTANDARD NAME.
     RESIDUE WILL BE IGNORED !!!
 !!! RESIDUE  DT  102 B HAS NONSTANDARD NAME.
     RESIDUE WILL BE IGNORED !!!
 !!! RESIDUE  DT  102 B HAS NONSTANDARD NAME.
     RESIDUE WILL BE IGNORED !!!
 !!! RESIDUE  DT  102 B HAS NONSTANDARD NAME.
     RESIDUE WILL BE IGNORED !!!
 !!! RESIDUE  DT  102 B HAS NONSTANDARD NAME.
     RESIDUE WILL BE IGNORED !!!
 !!! RESIDUE  DT  102 B HAS NONSTANDARD NAME.
     RESIDUE WILL BE IGNORED !!!
 !!! RESIDUE  DT  102 B HAS NONSTANDARD NAME.
     RESIDUE WILL BE IGNORED !!!
 !!! RESIDUE  DT  102 B HAS NONSTANDARD NAME.
     RESIDUE WILL BE IGNORED !!!
 !!! RESIDUE  DT  102 B HAS NONSTANDARD NAME.
     RESIDUE WILL BE IGNORED !!!
 !!! RESIDUE  DT  102 B HAS NONSTANDARD NAME.
     RESIDUE WILL BE IGNORED !!!
 !!! RESIDUE  DG  103 B HAS NONSTANDARD NAME.
     RESIDUE WILL BE IGNORED !!!
 !!! RESIDUE  DG  103 B HAS NONSTANDARD NAME.
     RESIDUE WILL BE IGNORED !!!
 !!! RESIDUE  DG  103 B HAS NONSTANDARD NAME.
     RESIDUE WILL BE IGNORED !!!
 !!! RESIDUE  DG  103 B HAS NONSTANDARD NAME.
     RESIDUE WILL BE IGNORED !!!
 !!! RESIDUE  DG  103 B HAS NONSTANDARD NAME.
     RESIDUE WILL BE IGNORED !!!
 !!! RESIDUE  DG  103 B HAS NONSTANDARD NAME.
     RESIDUE WILL BE IGNORED !!!
 !!! RESIDUE  DG  103 B HAS NONSTANDARD NAME.
     RESIDUE WILL BE IGNORED !!!
 !!! RESIDUE  DG  103 B HAS NONSTANDARD NAME.
     RESIDUE WILL BE IGNORED !!!
 !!! RESIDUE  DG  103 B HAS NONSTANDARD NAME.
     RESIDUE WILL BE IGNORED !!!
 !!! RESIDUE  DG  103 B HAS NONSTANDARD NAME.
     RESIDUE WILL BE IGNORED !!!
 !!! RESIDUE  DG  103 B HAS NONSTANDARD NAME.
     RESIDUE WILL BE IGNORED !!!
 !!! RESIDUE  DG  103 B HAS NONSTANDARD NAME.
     RESIDUE WILL BE IGNORED !!!
 !!! RESIDUE  DG  103 B HAS NONSTANDARD NAME.
     RESIDUE WILL BE IGNORED !!!
 !!! RESIDUE  DG  103 B HAS NONSTANDARD NAME.
     RESIDUE WILL BE IGNORED !!!
 !!! RESIDUE  DG  103 B HAS NONSTANDARD NAME.
     RESIDUE WILL BE IGNORED !!!
 !!! RESIDUE  DG  103 B HAS NONSTANDARD NAME.
     RESIDUE WILL BE IGNORED !!!
 !!! RESIDUE  DG  103 B HAS NONSTANDARD NAME.
     RESIDUE WILL BE IGNORED !!!
 !!! RESIDUE  DG  103 B HAS NONSTANDARD NAME.
     RESIDUE WILL BE IGNORED !!!
 !!! RESIDUE  DG  103 B HAS NONSTANDARD NAME.
     RESIDUE WILL BE IGNORED !!!
 !!! RESIDUE  DG  103 B HAS NONSTANDARD NAME.
     RESIDUE WILL BE IGNORED !!!
 !!! RESIDUE  DG  103 B HAS NONSTANDARD NAME.
     RESIDUE WILL BE IGNORED !!!
 !!! RESIDUE  DG  103 B HAS NONSTANDARD NAME.
     RESIDUE WILL BE IGNORED !!!
 !!! RESIDUE  DG  103 B HAS NONSTANDARD NAME.
     RESIDUE WILL BE IGNORED !!!
 !!! RESIDUE  DG  103 B HAS NONSTANDARD NAME.
     RESIDUE WILL BE IGNORED !!!
 !!! RESIDUE  DG  103 B HAS NONSTANDARD NAME.
     RESIDUE WILL BE IGNORED !!!
 !!! RESIDUE  DA  104 B HAS NONSTANDARD NAME.
     RESIDUE WILL BE IGNORED !!!
 !!! RESIDUE  DA  104 B HAS NONSTANDARD NAME.
     RESIDUE WILL BE IGNORED !!!
 !!! RESIDUE  DA  104 B HAS NONSTANDARD NAME.
     RESIDUE WILL BE IGNORED !!!
 !!! RESIDUE  DA  104 B HAS NONSTANDARD NAME.
     RESIDUE WILL BE IGNORED !!!
 !!! RESIDUE  DA  104 B HAS NONSTANDARD NAME.
     RESIDUE WILL BE IGNORED !!!
 !!! RESIDUE  DA  104 B HAS NONSTANDARD NAME.
     RESIDUE WILL BE IGNORED !!!
 !!! RESIDUE  DA  104 B HAS NONSTANDARD NAME.
     RESIDUE WILL BE IGNORED !!!
 !!! RESIDUE  DA  104 B HAS NONSTANDARD NAME.
     RESIDUE WILL BE IGNORED !!!
 !!! RESIDUE  DA  104 B HAS NONSTANDARD NAME.
     RESIDUE WILL BE IGNORED !!!
 !!! RESIDUE  DA  104 B HAS NONSTANDARD NAME.
     RESIDUE WILL BE IGNORED !!!
 !!! RESIDUE  DA  104 B HAS NONSTANDARD NAME.
     RESIDUE WILL BE IGNORED !!!
 !!! RESIDUE  DA  104 B HAS NONSTANDARD NAME.
     RESIDUE WILL BE IGNORED !!!
 !!! RESIDUE  DA  104 B HAS NONSTANDARD NAME.
     RESIDUE WILL BE IGNORED !!!
 !!! RESIDUE  DA  104 B HAS NONSTANDARD NAME.
     RESIDUE WILL BE IGNORED !!!
 !!! RESIDUE  DA  104 B HAS NONSTANDARD NAME.
     RESIDUE WILL BE IGNORED !!!
 !!! RESIDUE  DA  104 B HAS NONSTANDARD NAME.
     RESIDUE WILL BE IGNORED !!!
 !!! RESIDUE  DA  104 B HAS NONSTANDARD NAME.
     RESIDUE WILL BE IGNORED !!!
 !!! RESIDUE  DA  104 B HAS NONSTANDARD NAME.
     RESIDUE WILL BE IGNORED !!!
 !!! RESIDUE  DA  104 B HAS NONSTANDARD NAME.
     RESIDUE WILL BE IGNORED !!!
 !!! RESIDUE  DA  104 B HAS NONSTANDARD NAME.
     RESIDUE WILL BE IGNORED !!!
 !!! RESIDUE  DA  104 B HAS NONSTANDARD NAME.
     RESIDUE WILL BE IGNORED !!!
 !!! RESIDUE  DA  104 B HAS NONSTANDARD NAME.
     RESIDUE WILL BE IGNORED !!!
 !!! RESIDUE  DA  104 B HAS NONSTANDARD NAME.
     RESIDUE WILL BE IGNORED !!!
 !!! RESIDUE  DT  105 B HAS NONSTANDARD NAME.
     RESIDUE WILL BE IGNORED !!!
 !!! RESIDUE  DT  105 B HAS NONSTANDARD NAME.
     RESIDUE WILL BE IGNORED !!!
 !!! RESIDUE  DT  105 B HAS NONSTANDARD NAME.
     RESIDUE WILL BE IGNORED !!!
 !!! RESIDUE  DT  105 B HAS NONSTANDARD NAME.
     RESIDUE WILL BE IGNORED !!!
 !!! RESIDUE  DT  105 B HAS NONSTANDARD NAME.
     RESIDUE WILL BE IGNORED !!!
 !!! RESIDUE  DT  105 B HAS NONSTANDARD NAME.
     RESIDUE WILL BE IGNORED !!!
 !!! RESIDUE  DT  105 B HAS NONSTANDARD NAME.
     RESIDUE WILL BE IGNORED !!!
 !!! RESIDUE  DT  105 B HAS NONSTANDARD NAME.
     RESIDUE WILL BE IGNORED !!!
 !!! RESIDUE  DT  105 B HAS NONSTANDARD NAME.
     RESIDUE WILL BE IGNORED !!!
 !!! RESIDUE  DT  105 B HAS NONSTANDARD NAME.
     RESIDUE WILL BE IGNORED !!!
 !!! RESIDUE  DT  105 B HAS NONSTANDARD NAME.
     RESIDUE WILL BE IGNORED !!!
 !!! RESIDUE  DT  105 B HAS NONSTANDARD NAME.
     RESIDUE WILL BE IGNORED !!!
 !!! RESIDUE  DT  105 B HAS NONSTANDARD NAME.
     RESIDUE WILL BE IGNORED !!!
 !!! RESIDUE  DT  105 B HAS NONSTANDARD NAME.
     RESIDUE WILL BE IGNORED !!!
 !!! RESIDUE  DT  105 B HAS NONSTANDARD NAME.
     RESIDUE WILL BE IGNORED !!!
 !!! RESIDUE  DT  105 B HAS NONSTANDARD NAME.
     RESIDUE WILL BE IGNORED !!!
 !!! RESIDUE  DT  105 B HAS NONSTANDARD NAME.
     RESIDUE WILL BE IGNORED !!!
 !!! RESIDUE  DT  105 B HAS NONSTANDARD NAME.
     RESIDUE WILL BE IGNORED !!!
 !!! RESIDUE  DT  105 B HAS NONSTANDARD NAME.
     RESIDUE WILL BE IGNORED !!!
 !!! RESIDUE  DT  105 B HAS NONSTANDARD NAME.
     RESIDUE WILL BE IGNORED !!!
 !!! RESIDUE  DT  105 B HAS NONSTANDARD NAME.
     RESIDUE WILL BE IGNORED !!!
 !!! RESIDUE  DC  106 B HAS NONSTANDARD NAME.
     RESIDUE WILL BE IGNORED !!!
 !!! RESIDUE  DC  106 B HAS NONSTANDARD NAME.
     RESIDUE WILL BE IGNORED !!!
 !!! RESIDUE  DC  106 B HAS NONSTANDARD NAME.
     RESIDUE WILL BE IGNORED !!!
 !!! RESIDUE  DC  106 B HAS NONSTANDARD NAME.
     RESIDUE WILL BE IGNORED !!!
 !!! RESIDUE  DC  106 B HAS NONSTANDARD NAME.
     RESIDUE WILL BE IGNORED !!!
 !!! RESIDUE  DC  106 B HAS NONSTANDARD NAME.
     RESIDUE WILL BE IGNORED !!!
 !!! RESIDUE  DC  106 B HAS NONSTANDARD NAME.
     RESIDUE WILL BE IGNORED !!!
 !!! RESIDUE  DC  106 B HAS NONSTANDARD NAME.
     RESIDUE WILL BE IGNORED !!!
 !!! RESIDUE  DC  106 B HAS NONSTANDARD NAME.
     RESIDUE WILL BE IGNORED !!!
 !!! RESIDUE  DC  106 B HAS NONSTANDARD NAME.
     RESIDUE WILL BE IGNORED !!!
 !!! RESIDUE  DC  106 B HAS NONSTANDARD NAME.
     RESIDUE WILL BE IGNORED !!!
 !!! RESIDUE  DC  106 B HAS NONSTANDARD NAME.
     RESIDUE WILL BE IGNORED !!!
 !!! RESIDUE  DC  106 B HAS NONSTANDARD NAME.
     RESIDUE WILL BE IGNORED !!!
 !!! RESIDUE  DC  106 B HAS NONSTANDARD NAME.
     RESIDUE WILL BE IGNORED !!!
 !!! RESIDUE  DC  106 B HAS NONSTANDARD NAME.
     RESIDUE WILL BE IGNORED !!!
 !!! RESIDUE  DC  106 B HAS NONSTANDARD NAME.
     RESIDUE WILL BE IGNORED !!!
 !!! RESIDUE  DC  106 B HAS NONSTANDARD NAME.
     RESIDUE WILL BE IGNORED !!!
 !!! RESIDUE  DC  106 B HAS NONSTANDARD NAME.
     RESIDUE WILL BE IGNORED !!!
 !!! RESIDUE  DC  106 B HAS NONSTANDARD NAME.
     RESIDUE WILL BE IGNORED !!!
 !!! RESIDUE  DC  106 B HAS NONSTANDARD NAME.
     RESIDUE WILL BE IGNORED !!!
 !!! RESIDUE  DC  106 B HAS NONSTANDARD NAME.
     RESIDUE WILL BE IGNORED !!!
 !!! RESIDUE  DG  107 B HAS NONSTANDARD NAME.
     RESIDUE WILL BE IGNORED !!!
 !!! RESIDUE  DG  107 B HAS NONSTANDARD NAME.
     RESIDUE WILL BE IGNORED !!!
 !!! RESIDUE  DG  107 B HAS NONSTANDARD NAME.
     RESIDUE WILL BE IGNORED !!!
 !!! RESIDUE  DG  107 B HAS NONSTANDARD NAME.
     RESIDUE WILL BE IGNORED !!!
 !!! RESIDUE  DG  107 B HAS NONSTANDARD NAME.
     RESIDUE WILL BE IGNORED !!!
 !!! RESIDUE  DG  107 B HAS NONSTANDARD NAME.
     RESIDUE WILL BE IGNORED !!!
 !!! RESIDUE  DG  107 B HAS NONSTANDARD NAME.
     RESIDUE WILL BE IGNORED !!!
 !!! RESIDUE  DG  107 B HAS NONSTANDARD NAME.
     RESIDUE WILL BE IGNORED !!!
 !!! RESIDUE  DG  107 B HAS NONSTANDARD NAME.
     RESIDUE WILL BE IGNORED !!!
 !!! RESIDUE  DG  107 B HAS NONSTANDARD NAME.
     RESIDUE WILL BE IGNORED !!!
 !!! RESIDUE  DG  107 B HAS NONSTANDARD NAME.
     RESIDUE WILL BE IGNORED !!!
 !!! RESIDUE  DG  107 B HAS NONSTANDARD NAME.
     RESIDUE WILL BE IGNORED !!!
 !!! RESIDUE  DG  107 B HAS NONSTANDARD NAME.
     RESIDUE WILL BE IGNORED !!!
 !!! RESIDUE  DG  107 B HAS NONSTANDARD NAME.
     RESIDUE WILL BE IGNORED !!!
 !!! RESIDUE  DG  107 B HAS NONSTANDARD NAME.
     RESIDUE WILL BE IGNORED !!!
 !!! RESIDUE  DG  107 B HAS NONSTANDARD NAME.
     RESIDUE WILL BE IGNORED !!!
 !!! RESIDUE  DG  107 B HAS NONSTANDARD NAME.
     RESIDUE WILL BE IGNORED !!!
 !!! RESIDUE  DG  107 B HAS NONSTANDARD NAME.
     RESIDUE WILL BE IGNORED !!!
 !!! RESIDUE  DG  107 B HAS NONSTANDARD NAME.
     RESIDUE WILL BE IGNORED !!!
 !!! RESIDUE  DG  107 B HAS NONSTANDARD NAME.
     RESIDUE WILL BE IGNORED !!!
 !!! RESIDUE  DG  107 B HAS NONSTANDARD NAME.
     RESIDUE WILL BE IGNORED !!!
 !!! RESIDUE  DG  107 B HAS NONSTANDARD NAME.
     RESIDUE WILL BE IGNORED !!!
 !!! RESIDUE  DG  107 B HAS NONSTANDARD NAME.
     RESIDUE WILL BE IGNORED !!!
 !!! RESIDUE  DG  107 B HAS NONSTANDARD NAME.
     RESIDUE WILL BE IGNORED !!!
 !!! RESIDUE  DG  107 B HAS NONSTANDARD NAME.
     RESIDUE WILL BE IGNORED !!!
 !!! RESIDUE  DC  108 B HAS NONSTANDARD NAME.
     RESIDUE WILL BE IGNORED !!!
 !!! RESIDUE  DC  108 B HAS NONSTANDARD NAME.
     RESIDUE WILL BE IGNORED !!!
 !!! RESIDUE  DC  108 B HAS NONSTANDARD NAME.
     RESIDUE WILL BE IGNORED !!!
 !!! RESIDUE  DC  108 B HAS NONSTANDARD NAME.
     RESIDUE WILL BE IGNORED !!!
 !!! RESIDUE  DC  108 B HAS NONSTANDARD NAME.
     RESIDUE WILL BE IGNORED !!!
 !!! RESIDUE  DC  108 B HAS NONSTANDARD NAME.
     RESIDUE WILL BE IGNORED !!!
 !!! RESIDUE  DC  108 B HAS NONSTANDARD NAME.
     RESIDUE WILL BE IGNORED !!!
 !!! RESIDUE  DC  108 B HAS NONSTANDARD NAME.
     RESIDUE WILL BE IGNORED !!!
 !!! RESIDUE  DC  108 B HAS NONSTANDARD NAME.
     RESIDUE WILL BE IGNORED !!!
 !!! RESIDUE  DC  108 B HAS NONSTANDARD NAME.
     RESIDUE WILL BE IGNORED !!!
 !!! RESIDUE  DC  108 B HAS NONSTANDARD NAME.
     RESIDUE WILL BE IGNORED !!!
 !!! RESIDUE  DC  108 B HAS NONSTANDARD NAME.
     RESIDUE WILL BE IGNORED !!!
 !!! RESIDUE  DC  108 B HAS NONSTANDARD NAME.
     RESIDUE WILL BE IGNORED !!!
 !!! RESIDUE  DC  108 B HAS NONSTANDARD NAME.
     RESIDUE WILL BE IGNORED !!!
 !!! RESIDUE  DC  108 B HAS NONSTANDARD NAME.
     RESIDUE WILL BE IGNORED !!!
 !!! RESIDUE  DC  108 B HAS NONSTANDARD NAME.
     RESIDUE WILL BE IGNORED !!!
 !!! RESIDUE  DC  108 B HAS NONSTANDARD NAME.
     RESIDUE WILL BE IGNORED !!!
 !!! RESIDUE  DC  108 B HAS NONSTANDARD NAME.
     RESIDUE WILL BE IGNORED !!!
 !!! RESIDUE  DC  108 B HAS NONSTANDARD NAME.
     RESIDUE WILL BE IGNORED !!!
 !!! RESIDUE  DC  108 B HAS NONSTANDARD NAME.
     RESIDUE WILL BE IGNORED !!!
 !!! RESIDUE  DC  108 B HAS NONSTANDARD NAME.
     RESIDUE WILL BE IGNORED !!!
 !!! RESIDUE  DC  108 B HAS NONSTANDARD NAME.
     RESIDUE WILL BE IGNORED !!!
 !!! RESIDUE  DG  109 C HAS NONSTANDARD NAME.
     RESIDUE WILL BE IGNORED !!!
 !!! RESIDUE  DG  109 C HAS NONSTANDARD NAME.
     RESIDUE WILL BE IGNORED !!!
 !!! RESIDUE  DG  109 C HAS NONSTANDARD NAME.
     RESIDUE WILL BE IGNORED !!!
 !!! RESIDUE  DG  109 C HAS NONSTANDARD NAME.
     RESIDUE WILL BE IGNORED !!!
 !!! RESIDUE  DG  109 C HAS NONSTANDARD NAME.
     RESIDUE WILL BE IGNORED !!!
 !!! RESIDUE  DG  109 C HAS NONSTANDARD NAME.
     RESIDUE WILL BE IGNORED !!!
 !!! RESIDUE  DG  109 C HAS NONSTANDARD NAME.
     RESIDUE WILL BE IGNORED !!!
 !!! RESIDUE  DG  109 C HAS NONSTANDARD NAME.
     RESIDUE WILL BE IGNORED !!!
 !!! RESIDUE  DG  109 C HAS NONSTANDARD NAME.
     RESIDUE WILL BE IGNORED !!!
 !!! RESIDUE  DG  109 C HAS NONSTANDARD NAME.
     RESIDUE WILL BE IGNORED !!!
 !!! RESIDUE  DG  109 C HAS NONSTANDARD NAME.
     RESIDUE WILL BE IGNORED !!!
 !!! RESIDUE  DG  109 C HAS NONSTANDARD NAME.
     RESIDUE WILL BE IGNORED !!!
 !!! RESIDUE  DG  109 C HAS NONSTANDARD NAME.
     RESIDUE WILL BE IGNORED !!!
 !!! RESIDUE  DG  109 C HAS NONSTANDARD NAME.
     RESIDUE WILL BE IGNORED !!!
 !!! RESIDUE  DG  109 C HAS NONSTANDARD NAME.
     RESIDUE WILL BE IGNORED !!!
 !!! RESIDUE  DG  109 C HAS NONSTANDARD NAME.
     RESIDUE WILL BE IGNORED !!!
 !!! RESIDUE  DG  109 C HAS NONSTANDARD NAME.
     RESIDUE WILL BE IGNORED !!!
 !!! RESIDUE  DG  109 C HAS NONSTANDARD NAME.
     RESIDUE WILL BE IGNORED !!!
 !!! RESIDUE  DG  109 C HAS NONSTANDARD NAME.
     RESIDUE WILL BE IGNORED !!!
 !!! RESIDUE  DG  109 C HAS NONSTANDARD NAME.
     RESIDUE WILL BE IGNORED !!!
 !!! RESIDUE  DG  109 C HAS NONSTANDARD NAME.
     RESIDUE WILL BE IGNORED !!!
 !!! RESIDUE  DG  109 C HAS NONSTANDARD NAME.
     RESIDUE WILL BE IGNORED !!!
 !!! RESIDUE  DG  109 C HAS NONSTANDARD NAME.
     RESIDUE WILL BE IGNORED !!!
 !!! RESIDUE  DT  110 C HAS NONSTANDARD NAME.
     RESIDUE WILL BE IGNORED !!!
 !!! RESIDUE  DT  110 C HAS NONSTANDARD NAME.
     RESIDUE WILL BE IGNORED !!!
 !!! RESIDUE  DT  110 C HAS NONSTANDARD NAME.
     RESIDUE WILL BE IGNORED !!!
 !!! RESIDUE  DT  110 C HAS NONSTANDARD NAME.
     RESIDUE WILL BE IGNORED !!!
 !!! RESIDUE  DT  110 C HAS NONSTANDARD NAME.
     RESIDUE WILL BE IGNORED !!!
 !!! RESIDUE  DT  110 C HAS NONSTANDARD NAME.
     RESIDUE WILL BE IGNORED !!!
 !!! RESIDUE  DT  110 C HAS NONSTANDARD NAME.
     RESIDUE WILL BE IGNORED !!!
 !!! RESIDUE  DT  110 C HAS NONSTANDARD NAME.
     RESIDUE WILL BE IGNORED !!!
 !!! RESIDUE  DT  110 C HAS NONSTANDARD NAME.
     RESIDUE WILL BE IGNORED !!!
 !!! RESIDUE  DT  110 C HAS NONSTANDARD NAME.
     RESIDUE WILL BE IGNORED !!!
 !!! RESIDUE  DT  110 C HAS NONSTANDARD NAME.
     RESIDUE WILL BE IGNORED !!!
 !!! RESIDUE  DT  110 C HAS NONSTANDARD NAME.
     RESIDUE WILL BE IGNORED !!!
 !!! RESIDUE  DT  110 C HAS NONSTANDARD NAME.
     RESIDUE WILL BE IGNORED !!!
 !!! RESIDUE  DT  110 C HAS NONSTANDARD NAME.
     RESIDUE WILL BE IGNORED !!!
 !!! RESIDUE  DT  110 C HAS NONSTANDARD NAME.
     RESIDUE WILL BE IGNORED !!!
 !!! RESIDUE  DT  110 C HAS NONSTANDARD NAME.
     RESIDUE WILL BE IGNORED !!!
 !!! RESIDUE  DT  110 C HAS NONSTANDARD NAME.
     RESIDUE WILL BE IGNORED !!!
 !!! RESIDUE  DT  110 C HAS NONSTANDARD NAME.
     RESIDUE WILL BE IGNORED !!!
 !!! RESIDUE  DT  110 C HAS NONSTANDARD NAME.
     RESIDUE WILL BE IGNORED !!!
 !!! RESIDUE  DT  110 C HAS NONSTANDARD NAME.
     RESIDUE WILL BE IGNORED !!!
 !!! RESIDUE  DT  110 C HAS NONSTANDARD NAME.
     RESIDUE WILL BE IGNORED !!!
 !!! RESIDUE  DG  111 C HAS NONSTANDARD NAME.
     RESIDUE WILL BE IGNORED !!!
 !!! RESIDUE  DG  111 C HAS NONSTANDARD NAME.
     RESIDUE WILL BE IGNORED !!!
 !!! RESIDUE  DG  111 C HAS NONSTANDARD NAME.
     RESIDUE WILL BE IGNORED !!!
 !!! RESIDUE  DG  111 C HAS NONSTANDARD NAME.
     RESIDUE WILL BE IGNORED !!!
 !!! RESIDUE  DG  111 C HAS NONSTANDARD NAME.
     RESIDUE WILL BE IGNORED !!!
 !!! RESIDUE  DG  111 C HAS NONSTANDARD NAME.
     RESIDUE WILL BE IGNORED !!!
 !!! RESIDUE  DG  111 C HAS NONSTANDARD NAME.
     RESIDUE WILL BE IGNORED !!!
 !!! RESIDUE  DG  111 C HAS NONSTANDARD NAME.
     RESIDUE WILL BE IGNORED !!!
 !!! RESIDUE  DG  111 C HAS NONSTANDARD NAME.
     RESIDUE WILL BE IGNORED !!!
 !!! RESIDUE  DG  111 C HAS NONSTANDARD NAME.
     RESIDUE WILL BE IGNORED !!!
 !!! RESIDUE  DG  111 C HAS NONSTANDARD NAME.
     RESIDUE WILL BE IGNORED !!!
 !!! RESIDUE  DG  111 C HAS NONSTANDARD NAME.
     RESIDUE WILL BE IGNORED !!!
 !!! RESIDUE  DG  111 C HAS NONSTANDARD NAME.
     RESIDUE WILL BE IGNORED !!!
 !!! RESIDUE  DG  111 C HAS NONSTANDARD NAME.
     RESIDUE WILL BE IGNORED !!!
 !!! RESIDUE  DG  111 C HAS NONSTANDARD NAME.
     RESIDUE WILL BE IGNORED !!!
 !!! RESIDUE  DG  111 C HAS NONSTANDARD NAME.
     RESIDUE WILL BE IGNORED !!!
 !!! RESIDUE  DG  111 C HAS NONSTANDARD NAME.
     RESIDUE WILL BE IGNORED !!!
 !!! RESIDUE  DG  111 C HAS NONSTANDARD NAME.
     RESIDUE WILL BE IGNORED !!!
 !!! RESIDUE  DG  111 C HAS NONSTANDARD NAME.
     RESIDUE WILL BE IGNORED !!!
 !!! RESIDUE  DG  111 C HAS NONSTANDARD NAME.
     RESIDUE WILL BE IGNORED !!!
 !!! RESIDUE  DG  111 C HAS NONSTANDARD NAME.
     RESIDUE WILL BE IGNORED !!!
 !!! RESIDUE  DG  111 C HAS NONSTANDARD NAME.
     RESIDUE WILL BE IGNORED !!!
 !!! RESIDUE  DG  111 C HAS NONSTANDARD NAME.
     RESIDUE WILL BE IGNORED !!!
 !!! RESIDUE  DG  111 C HAS NONSTANDARD NAME.
     RESIDUE WILL BE IGNORED !!!
 !!! RESIDUE  DG  111 C HAS NONSTANDARD NAME.
     RESIDUE WILL BE IGNORED !!!
 !!! RESIDUE  DA  112 C HAS NONSTANDARD NAME.
     RESIDUE WILL BE IGNORED !!!
 !!! RESIDUE  DA  112 C HAS NONSTANDARD NAME.
     RESIDUE WILL BE IGNORED !!!
 !!! RESIDUE  DA  112 C HAS NONSTANDARD NAME.
     RESIDUE WILL BE IGNORED !!!
 !!! RESIDUE  DA  112 C HAS NONSTANDARD NAME.
     RESIDUE WILL BE IGNORED !!!
 !!! RESIDUE  DA  112 C HAS NONSTANDARD NAME.
     RESIDUE WILL BE IGNORED !!!
 !!! RESIDUE  DA  112 C HAS NONSTANDARD NAME.
     RESIDUE WILL BE IGNORED !!!
 !!! RESIDUE  DA  112 C HAS NONSTANDARD NAME.
     RESIDUE WILL BE IGNORED !!!
 !!! RESIDUE  DA  112 C HAS NONSTANDARD NAME.
     RESIDUE WILL BE IGNORED !!!
 !!! RESIDUE  DA  112 C HAS NONSTANDARD NAME.
     RESIDUE WILL BE IGNORED !!!
 !!! RESIDUE  DA  112 C HAS NONSTANDARD NAME.
     RESIDUE WILL BE IGNORED !!!
 !!! RESIDUE  DA  112 C HAS NONSTANDARD NAME.
     RESIDUE WILL BE IGNORED !!!
 !!! RESIDUE  DA  112 C HAS NONSTANDARD NAME.
     RESIDUE WILL BE IGNORED !!!
 !!! RESIDUE  DA  112 C HAS NONSTANDARD NAME.
     RESIDUE WILL BE IGNORED !!!
 !!! RESIDUE  DA  112 C HAS NONSTANDARD NAME.
     RESIDUE WILL BE IGNORED !!!
 !!! RESIDUE  DA  112 C HAS NONSTANDARD NAME.
     RESIDUE WILL BE IGNORED !!!
 !!! RESIDUE  DA  112 C HAS NONSTANDARD NAME.
     RESIDUE WILL BE IGNORED !!!
 !!! RESIDUE  DA  112 C HAS NONSTANDARD NAME.
     RESIDUE WILL BE IGNORED !!!
 !!! RESIDUE  DA  112 C HAS NONSTANDARD NAME.
     RESIDUE WILL BE IGNORED !!!
 !!! RESIDUE  DA  112 C HAS NONSTANDARD NAME.
     RESIDUE WILL BE IGNORED !!!
 !!! RESIDUE  DA  112 C HAS NONSTANDARD NAME.
     RESIDUE WILL BE IGNORED !!!
 !!! RESIDUE  DA  112 C HAS NONSTANDARD NAME.
     RESIDUE WILL BE IGNORED !!!
 !!! RESIDUE  DA  112 C HAS NONSTANDARD NAME.
     RESIDUE WILL BE IGNORED !!!
 !!! RESIDUE  DA  112 C HAS NONSTANDARD NAME.
     RESIDUE WILL BE IGNORED !!!
 !!! RESIDUE  DT  113 C HAS NONSTANDARD NAME.
     RESIDUE WILL BE IGNORED !!!
 !!! RESIDUE  DT  113 C HAS NONSTANDARD NAME.
     RESIDUE WILL BE IGNORED !!!
 !!! RESIDUE  DT  113 C HAS NONSTANDARD NAME.
     RESIDUE WILL BE IGNORED !!!
 !!! RESIDUE  DT  113 C HAS NONSTANDARD NAME.
     RESIDUE WILL BE IGNORED !!!
 !!! RESIDUE  DT  113 C HAS NONSTANDARD NAME.
     RESIDUE WILL BE IGNORED !!!
 !!! RESIDUE  DT  113 C HAS NONSTANDARD NAME.
     RESIDUE WILL BE IGNORED !!!
 !!! RESIDUE  DT  113 C HAS NONSTANDARD NAME.
     RESIDUE WILL BE IGNORED !!!
 !!! RESIDUE  DT  113 C HAS NONSTANDARD NAME.
     RESIDUE WILL BE IGNORED !!!
 !!! RESIDUE  DT  113 C HAS NONSTANDARD NAME.
     RESIDUE WILL BE IGNORED !!!
 !!! RESIDUE  DT  113 C HAS NONSTANDARD NAME.
     RESIDUE WILL BE IGNORED !!!
 !!! RESIDUE  DT  113 C HAS NONSTANDARD NAME.
     RESIDUE WILL BE IGNORED !!!
 !!! RESIDUE  DT  113 C HAS NONSTANDARD NAME.
     RESIDUE WILL BE IGNORED !!!
 !!! RESIDUE  DT  113 C HAS NONSTANDARD NAME.
     RESIDUE WILL BE IGNORED !!!
 !!! RESIDUE  DT  113 C HAS NONSTANDARD NAME.
     RESIDUE WILL BE IGNORED !!!
 !!! RESIDUE  DT  113 C HAS NONSTANDARD NAME.
     RESIDUE WILL BE IGNORED !!!
 !!! RESIDUE  DT  113 C HAS NONSTANDARD NAME.
     RESIDUE WILL BE IGNORED !!!
 !!! RESIDUE  DT  113 C HAS NONSTANDARD NAME.
     RESIDUE WILL BE IGNORED !!!
 !!! RESIDUE  DT  113 C HAS NONSTANDARD NAME.
     RESIDUE WILL BE IGNORED !!!
 !!! RESIDUE  DT  113 C HAS NONSTANDARD NAME.
     RESIDUE WILL BE IGNORED !!!
 !!! RESIDUE  DT  113 C HAS NONSTANDARD NAME.
     RESIDUE WILL BE IGNORED !!!
 !!! RESIDUE  DT  113 C HAS NONSTANDARD NAME.
     RESIDUE WILL BE IGNORED !!!
 !!! RESIDUE  DC  114 C HAS NONSTANDARD NAME.
     RESIDUE WILL BE IGNORED !!!
 !!! RESIDUE  DC  114 C HAS NONSTANDARD NAME.
     RESIDUE WILL BE IGNORED !!!
 !!! RESIDUE  DC  114 C HAS NONSTANDARD NAME.
     RESIDUE WILL BE IGNORED !!!
 !!! RESIDUE  DC  114 C HAS NONSTANDARD NAME.
     RESIDUE WILL BE IGNORED !!!
 !!! RESIDUE  DC  114 C HAS NONSTANDARD NAME.
     RESIDUE WILL BE IGNORED !!!
 !!! RESIDUE  DC  114 C HAS NONSTANDARD NAME.
     RESIDUE WILL BE IGNORED !!!
 !!! RESIDUE  DC  114 C HAS NONSTANDARD NAME.
     RESIDUE WILL BE IGNORED !!!
 !!! RESIDUE  DC  114 C HAS NONSTANDARD NAME.
     RESIDUE WILL BE IGNORED !!!
 !!! RESIDUE  DC  114 C HAS NONSTANDARD NAME.
     RESIDUE WILL BE IGNORED !!!
 !!! RESIDUE  DC  114 C HAS NONSTANDARD NAME.
     RESIDUE WILL BE IGNORED !!!
 !!! RESIDUE  DC  114 C HAS NONSTANDARD NAME.
     RESIDUE WILL BE IGNORED !!!
 !!! RESIDUE  DC  114 C HAS NONSTANDARD NAME.
     RESIDUE WILL BE IGNORED !!!
 !!! RESIDUE  DC  114 C HAS NONSTANDARD NAME.
     RESIDUE WILL BE IGNORED !!!
 !!! RESIDUE  DC  114 C HAS NONSTANDARD NAME.
     RESIDUE WILL BE IGNORED !!!
 !!! RESIDUE  DC  114 C HAS NONSTANDARD NAME.
     RESIDUE WILL BE IGNORED !!!
 !!! RESIDUE  DC  114 C HAS NONSTANDARD NAME.
     RESIDUE WILL BE IGNORED !!!
 !!! RESIDUE  DC  114 C HAS NONSTANDARD NAME.
     RESIDUE WILL BE IGNORED !!!
 !!! RESIDUE  DC  114 C HAS NONSTANDARD NAME.
     RESIDUE WILL BE IGNORED !!!
 !!! RESIDUE  DC  114 C HAS NONSTANDARD NAME.
     RESIDUE WILL BE IGNORED !!!
 !!! RESIDUE  DC  114 C HAS NONSTANDARD NAME.
     RESIDUE WILL BE IGNORED !!!
 !!! RESIDUE  DC  114 C HAS NONSTANDARD NAME.
     RESIDUE WILL BE IGNORED !!!
 !!! RESIDUE  DG  115 C HAS NONSTANDARD NAME.
     RESIDUE WILL BE IGNORED !!!
 !!! RESIDUE  DG  115 C HAS NONSTANDARD NAME.
     RESIDUE WILL BE IGNORED !!!
 !!! RESIDUE  DG  115 C HAS NONSTANDARD NAME.
     RESIDUE WILL BE IGNORED !!!
 !!! RESIDUE  DG  115 C HAS NONSTANDARD NAME.
     RESIDUE WILL BE IGNORED !!!
 !!! RESIDUE  DG  115 C HAS NONSTANDARD NAME.
     RESIDUE WILL BE IGNORED !!!
 !!! RESIDUE  DG  115 C HAS NONSTANDARD NAME.
     RESIDUE WILL BE IGNORED !!!
 !!! RESIDUE  DG  115 C HAS NONSTANDARD NAME.
     RESIDUE WILL BE IGNORED !!!
 !!! RESIDUE  DG  115 C HAS NONSTANDARD NAME.
     RESIDUE WILL BE IGNORED !!!
 !!! RESIDUE  DG  115 C HAS NONSTANDARD NAME.
     RESIDUE WILL BE IGNORED !!!
 !!! RESIDUE  DG  115 C HAS NONSTANDARD NAME.
     RESIDUE WILL BE IGNORED !!!
 !!! RESIDUE  DG  115 C HAS NONSTANDARD NAME.
     RESIDUE WILL BE IGNORED !!!
 !!! RESIDUE  DG  115 C HAS NONSTANDARD NAME.
     RESIDUE WILL BE IGNORED !!!
 !!! RESIDUE  DG  115 C HAS NONSTANDARD NAME.
     RESIDUE WILL BE IGNORED !!!
 !!! RESIDUE  DG  115 C HAS NONSTANDARD NAME.
     RESIDUE WILL BE IGNORED !!!
 !!! RESIDUE  DG  115 C HAS NONSTANDARD NAME.
     RESIDUE WILL BE IGNORED !!!
 !!! RESIDUE  DG  115 C HAS NONSTANDARD NAME.
     RESIDUE WILL BE IGNORED !!!
 !!! RESIDUE  DG  115 C HAS NONSTANDARD NAME.
     RESIDUE WILL BE IGNORED !!!
 !!! RESIDUE  DG  115 C HAS NONSTANDARD NAME.
     RESIDUE WILL BE IGNORED !!!
 !!! RESIDUE  DG  115 C HAS NONSTANDARD NAME.
     RESIDUE WILL BE IGNORED !!!
 !!! RESIDUE  DG  115 C HAS NONSTANDARD NAME.
     RESIDUE WILL BE IGNORED !!!
 !!! RESIDUE  DG  115 C HAS NONSTANDARD NAME.
     RESIDUE WILL BE IGNORED !!!
 !!! RESIDUE  DG  115 C HAS NONSTANDARD NAME.
     RESIDUE WILL BE IGNORED !!!
 !!! RESIDUE  DG  115 C HAS NONSTANDARD NAME.
     RESIDUE WILL BE IGNORED !!!
 !!! RESIDUE  DG  115 C HAS NONSTANDARD NAME.
     RESIDUE WILL BE IGNORED !!!
 !!! RESIDUE  DG  115 C HAS NONSTANDARD NAME.
     RESIDUE WILL BE IGNORED !!!
 !!! RESIDUE  DC  116 C HAS NONSTANDARD NAME.
     RESIDUE WILL BE IGNORED !!!
 !!! RESIDUE  DC  116 C HAS NONSTANDARD NAME.
     RESIDUE WILL BE IGNORED !!!
 !!! RESIDUE  DC  116 C HAS NONSTANDARD NAME.
     RESIDUE WILL BE IGNORED !!!
 !!! RESIDUE  DC  116 C HAS NONSTANDARD NAME.
     RESIDUE WILL BE IGNORED !!!
 !!! RESIDUE  DC  116 C HAS NONSTANDARD NAME.
     RESIDUE WILL BE IGNORED !!!
 !!! RESIDUE  DC  116 C HAS NONSTANDARD NAME.
     RESIDUE WILL BE IGNORED !!!
 !!! RESIDUE  DC  116 C HAS NONSTANDARD NAME.
     RESIDUE WILL BE IGNORED !!!
 !!! RESIDUE  DC  116 C HAS NONSTANDARD NAME.
     RESIDUE WILL BE IGNORED !!!
 !!! RESIDUE  DC  116 C HAS NONSTANDARD NAME.
     RESIDUE WILL BE IGNORED !!!
 !!! RESIDUE  DC  116 C HAS NONSTANDARD NAME.
     RESIDUE WILL BE IGNORED !!!
 !!! RESIDUE  DC  116 C HAS NONSTANDARD NAME.
     RESIDUE WILL BE IGNORED !!!
 !!! RESIDUE  DC  116 C HAS NONSTANDARD NAME.
     RESIDUE WILL BE IGNORED !!!
 !!! RESIDUE  DC  116 C HAS NONSTANDARD NAME.
     RESIDUE WILL BE IGNORED !!!
 !!! RESIDUE  DC  116 C HAS NONSTANDARD NAME.
     RESIDUE WILL BE IGNORED !!!
 !!! RESIDUE  DC  116 C HAS NONSTANDARD NAME.
     RESIDUE WILL BE IGNORED !!!
 !!! RESIDUE  DC  116 C HAS NONSTANDARD NAME.
     RESIDUE WILL BE IGNORED !!!
 !!! RESIDUE  DC  116 C HAS NONSTANDARD NAME.
     RESIDUE WILL BE IGNORED !!!
 !!! RESIDUE  DC  116 C HAS NONSTANDARD NAME.
     RESIDUE WILL BE IGNORED !!!
 !!! RESIDUE  DC  116 C HAS NONSTANDARD NAME.
     RESIDUE WILL BE IGNORED !!!
 !!! RESIDUE  DC  116 C HAS NONSTANDARD NAME.
     RESIDUE WILL BE IGNORED !!!
 !!! RESIDUE  DC  116 C HAS NONSTANDARD NAME.
     RESIDUE WILL BE IGNORED !!!
 !!! RESIDUE  DC  116 C HAS NONSTANDARD NAME.
     RESIDUE WILL BE IGNORED !!!
 !!! RESIDUE ARG   25 A HAS 11 INSTEAD OF EXPECTED   7 SIDECHAIN ATOMS.
     LAST SIDECHAIN ATOM NAME IS HH22
     CALCULATED SOLVENT ACCESSIBILITY INCLUDES EXTRA ATOMS !!!

 !!! RESIDUE ARG   43 A HAS 11 INSTEAD OF EXPECTED   7 SIDECHAIN ATOMS.
     LAST SIDECHAIN ATOM NAME IS HH22
     CALCULATED SOLVENT ACCESSIBILITY INCLUDES EXTRA ATOMS !!!

 !!! RESIDUE GLN   57 A HAS  7 INSTEAD OF EXPECTED   5 SIDECHAIN ATOMS.
     LAST SIDECHAIN ATOM NAME IS HE22
     CALCULATED SOLVENT ACCESSIBILITY INCLUDES EXTRA ATOMS !!!

 !!! RESIDUE GLN   62 A HAS  7 INSTEAD OF EXPECTED   5 SIDECHAIN ATOMS.
     LAST SIDECHAIN ATOM NAME IS HE22
     CALCULATED SOLVENT ACCESSIBILITY INCLUDES EXTRA ATOMS !!!

 !!! RESIDUE LYS   64 A HAS ILLEGAL SIDECHAIN ATOM NAMED  NZ .
     THIS ATOM WILL BE IGNORED !!!

 !!!          118 HYDROGEN OR DEUTERIUM ATOMS WERE IGNORED
     IN THE CALCULATION OF SIDE CHAIN SOLVENT 
     ACCESSIBILITY !!!
INPUTCOORDINATES DONE          64
FLAGSSBONDS DONE
FLAGCHIRALITY DONE
FLAGHYDROGENBONDS DONE
FLAGBRIDGE DONE
FLAGTURN DONE
FLAGACCESS DONE
PRINTOUT DONE
