 
                           DSSP
            by Wolfgang Kabsch and Chris Sander

Defines secondary structure and solvent exposure of proteins from
atomic coordinates as given in Protein Data Bank format.   

_________________________________________________________________________
This version licensed to Ethan Benatan at Univ_Pittsburgh               
for academic purposes.                                                 
Do not redistribute. 

Commercial licenses available on request.                                

Copyright by Wolfgang Kabsch and Chris Sander, 1983, 1985, 1988. 
Fax: +49-6221-387 306

Algorithm version October 1988. Refer to Biopolymers 22(1983) 2577-2637.
Do report errors if you find any.

Email: Sander@embl-heidelberg.de 
       Kabsch@embl-heidelberg.de 

_________________________________________________________________________
Related databases and datasets available from the Protein
Design Group at EMBL via anonymous ftp from embl-heidelberg.de:

pdb_select   Representative set of protein structures.
             By U. Hobohm, C. Sander, M. Scharf and R. Schneider.
             See Protein Science 1, 409-417.
DSSP         Dictionary of secondary structures of proteins. 
HSSP         Database of sequence-homology derived protein families.
             By C. Sander and R.Schneider.
             See Proteins 9, 56-68 (1991).
FSSP         Database of protein structure families with 
             common folding motifs. 
             L.Holm, C. Ouzounis, C. Sander, G.Tuparev, G. Vriend
             See Protein Science, in the press (1992).
In the XSSP databases, there is one dataset for each unique or
             representative PDB protein, e.g., 1PPT.HSSP etc.

Restrictions:Commercial users must apply for a license. 
             Not to be used for classified research.
 !!! IN RESIDUE M E T     1 A ALTERNATE LOCATION INDICATOR IS B AND
     NOT BLANK OR A. ATOM NAMED  CG  WILL BE IGNORED !!!

 !!! IN RESIDUE M E T     1 A ALTERNATE LOCATION INDICATOR IS C AND
     NOT BLANK OR A. ATOM NAMED  CG  WILL BE IGNORED !!!

 !!! IN RESIDUE M E T     1 A ALTERNATE LOCATION INDICATOR IS B AND
     NOT BLANK OR A. ATOM NAMED  SD  WILL BE IGNORED !!!

 !!! IN RESIDUE M E T     1 A ALTERNATE LOCATION INDICATOR IS C AND
     NOT BLANK OR A. ATOM NAMED  SD  WILL BE IGNORED !!!

 !!! IN RESIDUE M E T     1 A ALTERNATE LOCATION INDICATOR IS B AND
     NOT BLANK OR A. ATOM NAMED  CE  WILL BE IGNORED !!!

 !!! IN RESIDUE M E T     1 A ALTERNATE LOCATION INDICATOR IS C AND
     NOT BLANK OR A. ATOM NAMED  CE  WILL BE IGNORED !!!

 !!! IN RESIDUE L Y S     5 A ALTERNATE LOCATION INDICATOR IS B AND
     NOT BLANK OR A. ATOM NAMED  CG  WILL BE IGNORED !!!

 !!! IN RESIDUE L Y S     5 A ALTERNATE LOCATION INDICATOR IS B AND
     NOT BLANK OR A. ATOM NAMED  CD  WILL BE IGNORED !!!

 !!! IN RESIDUE L Y S     5 A ALTERNATE LOCATION INDICATOR IS B AND
     NOT BLANK OR A. ATOM NAMED  CE  WILL BE IGNORED !!!

 !!! IN RESIDUE L Y S     5 A ALTERNATE LOCATION INDICATOR IS B AND
     NOT BLANK OR A. ATOM NAMED  NZ  WILL BE IGNORED !!!

 !!! IN RESIDUE G L U    19 A ALTERNATE LOCATION INDICATOR IS B AND
     NOT BLANK OR A. ATOM NAMED  OE1 WILL BE IGNORED !!!

 !!! IN RESIDUE G L U    19 A ALTERNATE LOCATION INDICATOR IS B AND
     NOT BLANK OR A. ATOM NAMED  OE2 WILL BE IGNORED !!!

 !!! IN RESIDUE G L U    36 A ALTERNATE LOCATION INDICATOR IS B AND
     NOT BLANK OR A. ATOM NAMED  CG  WILL BE IGNORED !!!

 !!! IN RESIDUE G L U    36 A ALTERNATE LOCATION INDICATOR IS C AND
     NOT BLANK OR A. ATOM NAMED  CG  WILL BE IGNORED !!!

 !!! IN RESIDUE G L U    36 A ALTERNATE LOCATION INDICATOR IS B AND
     NOT BLANK OR A. ATOM NAMED  CD  WILL BE IGNORED !!!

 !!! IN RESIDUE G L U    36 A ALTERNATE LOCATION INDICATOR IS C AND
     NOT BLANK OR A. ATOM NAMED  CD  WILL BE IGNORED !!!

 !!! IN RESIDUE G L U    36 A ALTERNATE LOCATION INDICATOR IS B AND
     NOT BLANK OR A. ATOM NAMED  OE1 WILL BE IGNORED !!!

 !!! IN RESIDUE G L U    36 A ALTERNATE LOCATION INDICATOR IS C AND
     NOT BLANK OR A. ATOM NAMED  OE1 WILL BE IGNORED !!!

 !!! IN RESIDUE G L U    36 A ALTERNATE LOCATION INDICATOR IS B AND
     NOT BLANK OR A. ATOM NAMED  OE2 WILL BE IGNORED !!!

 !!! IN RESIDUE G L U    36 A ALTERNATE LOCATION INDICATOR IS C AND
     NOT BLANK OR A. ATOM NAMED  OE2 WILL BE IGNORED !!!

 !!! IN RESIDUE G L N    45 A ALTERNATE LOCATION INDICATOR IS B AND
     NOT BLANK OR A. ATOM NAMED  CG  WILL BE IGNORED !!!

 !!! IN RESIDUE G L N    45 A ALTERNATE LOCATION INDICATOR IS B AND
     NOT BLANK OR A. ATOM NAMED  CD  WILL BE IGNORED !!!

 !!! IN RESIDUE G L N    45 A ALTERNATE LOCATION INDICATOR IS B AND
     NOT BLANK OR A. ATOM NAMED  OE1 WILL BE IGNORED !!!

 !!! IN RESIDUE G L N    45 A ALTERNATE LOCATION INDICATOR IS B AND
     NOT BLANK OR A. ATOM NAMED  NE2 WILL BE IGNORED !!!

 !!! IN RESIDUE S E R    48 A ALTERNATE LOCATION INDICATOR IS B AND
     NOT BLANK OR A. ATOM NAMED  OG  WILL BE IGNORED !!!

 !!! IN RESIDUE G L U    50 A ALTERNATE LOCATION INDICATOR IS B AND
     NOT BLANK OR A. ATOM NAMED  CG  WILL BE IGNORED !!!

 !!! IN RESIDUE G L U    50 A ALTERNATE LOCATION INDICATOR IS B AND
     NOT BLANK OR A. ATOM NAMED  CD  WILL BE IGNORED !!!

 !!! IN RESIDUE G L U    50 A ALTERNATE LOCATION INDICATOR IS B AND
     NOT BLANK OR A. ATOM NAMED  OE1 WILL BE IGNORED !!!

 !!! IN RESIDUE G L U    50 A ALTERNATE LOCATION INDICATOR IS B AND
     NOT BLANK OR A. ATOM NAMED  OE2 WILL BE IGNORED !!!

 !!! IN RESIDUE G L N    53 A ALTERNATE LOCATION INDICATOR IS B AND
     NOT BLANK OR A. ATOM NAMED  CD  WILL BE IGNORED !!!

 !!! IN RESIDUE G L N    53 A ALTERNATE LOCATION INDICATOR IS B AND
     NOT BLANK OR A. ATOM NAMED  OE1 WILL BE IGNORED !!!

 !!! IN RESIDUE G L N    53 A ALTERNATE LOCATION INDICATOR IS B AND
     NOT BLANK OR A. ATOM NAMED  NE2 WILL BE IGNORED !!!

 !!! IN RESIDUE L Y S    65 A ALTERNATE LOCATION INDICATOR IS B AND
     NOT BLANK OR A. ATOM NAMED  CG  WILL BE IGNORED !!!

 !!! IN RESIDUE L Y S    65 A ALTERNATE LOCATION INDICATOR IS B AND
     NOT BLANK OR A. ATOM NAMED  CD  WILL BE IGNORED !!!

 !!! IN RESIDUE L Y S    65 A ALTERNATE LOCATION INDICATOR IS B AND
     NOT BLANK OR A. ATOM NAMED  CE  WILL BE IGNORED !!!

 !!! IN RESIDUE L Y S    65 A ALTERNATE LOCATION INDICATOR IS B AND
     NOT BLANK OR A. ATOM NAMED  NZ  WILL BE IGNORED !!!

 !!! RESIDUE LEU   66 A HAS  5 INSTEAD OF EXPECTED   4 SIDECHAIN ATOMS.
     LAST SIDECHAIN ATOM NAME IS  OXT
     CALCULATED SOLVENT ACCESSIBILITY INCLUDES EXTRA ATOMS !!!

 !!! IN RESIDUE L Y S     5 B ALTERNATE LOCATION INDICATOR IS B AND
     NOT BLANK OR A. ATOM NAMED  CD  WILL BE IGNORED !!!

 !!! IN RESIDUE L Y S     5 B ALTERNATE LOCATION INDICATOR IS B AND
     NOT BLANK OR A. ATOM NAMED  CE  WILL BE IGNORED !!!

 !!! IN RESIDUE L Y S     5 B ALTERNATE LOCATION INDICATOR IS B AND
     NOT BLANK OR A. ATOM NAMED  NZ  WILL BE IGNORED !!!

 !!! IN RESIDUE G L U    19 B ALTERNATE LOCATION INDICATOR IS B AND
     NOT BLANK OR A. ATOM NAMED  CG  WILL BE IGNORED !!!

 !!! IN RESIDUE G L U    19 B ALTERNATE LOCATION INDICATOR IS B AND
     NOT BLANK OR A. ATOM NAMED  CD  WILL BE IGNORED !!!

 !!! IN RESIDUE G L U    19 B ALTERNATE LOCATION INDICATOR IS B AND
     NOT BLANK OR A. ATOM NAMED  OE1 WILL BE IGNORED !!!

 !!! IN RESIDUE G L U    19 B ALTERNATE LOCATION INDICATOR IS B AND
     NOT BLANK OR A. ATOM NAMED  OE2 WILL BE IGNORED !!!

 !!! IN RESIDUE G L U    21 B ALTERNATE LOCATION INDICATOR IS B AND
     NOT BLANK OR A. ATOM NAMED  CG  WILL BE IGNORED !!!

 !!! IN RESIDUE G L U    21 B ALTERNATE LOCATION INDICATOR IS B AND
     NOT BLANK OR A. ATOM NAMED  CD  WILL BE IGNORED !!!

 !!! IN RESIDUE G L U    21 B ALTERNATE LOCATION INDICATOR IS B AND
     NOT BLANK OR A. ATOM NAMED  OE1 WILL BE IGNORED !!!

 !!! IN RESIDUE G L U    21 B ALTERNATE LOCATION INDICATOR IS B AND
     NOT BLANK OR A. ATOM NAMED  OE2 WILL BE IGNORED !!!

 !!! IN RESIDUE G L U    36 B ALTERNATE LOCATION INDICATOR IS B AND
     NOT BLANK OR A. ATOM NAMED  CG  WILL BE IGNORED !!!

 !!! IN RESIDUE G L U    36 B ALTERNATE LOCATION INDICATOR IS C AND
     NOT BLANK OR A. ATOM NAMED  CG  WILL BE IGNORED !!!

 !!! IN RESIDUE G L U    36 B ALTERNATE LOCATION INDICATOR IS B AND
     NOT BLANK OR A. ATOM NAMED  CD  WILL BE IGNORED !!!

 !!! IN RESIDUE G L U    36 B ALTERNATE LOCATION INDICATOR IS C AND
     NOT BLANK OR A. ATOM NAMED  CD  WILL BE IGNORED !!!

 !!! IN RESIDUE G L U    36 B ALTERNATE LOCATION INDICATOR IS B AND
     NOT BLANK OR A. ATOM NAMED  OE1 WILL BE IGNORED !!!

 !!! IN RESIDUE G L U    36 B ALTERNATE LOCATION INDICATOR IS C AND
     NOT BLANK OR A. ATOM NAMED  OE1 WILL BE IGNORED !!!

 !!! IN RESIDUE G L U    36 B ALTERNATE LOCATION INDICATOR IS B AND
     NOT BLANK OR A. ATOM NAMED  OE2 WILL BE IGNORED !!!

 !!! IN RESIDUE G L U    36 B ALTERNATE LOCATION INDICATOR IS C AND
     NOT BLANK OR A. ATOM NAMED  OE2 WILL BE IGNORED !!!

 !!! IN RESIDUE L Y S    39 B ALTERNATE LOCATION INDICATOR IS B AND
     NOT BLANK OR A. ATOM NAMED  CD  WILL BE IGNORED !!!

 !!! IN RESIDUE L Y S    39 B ALTERNATE LOCATION INDICATOR IS B AND
     NOT BLANK OR A. ATOM NAMED  CE  WILL BE IGNORED !!!

 !!! IN RESIDUE L Y S    39 B ALTERNATE LOCATION INDICATOR IS B AND
     NOT BLANK OR A. ATOM NAMED  NZ  WILL BE IGNORED !!!

 !!! IN RESIDUE G L U    42 B ALTERNATE LOCATION INDICATOR IS B AND
     NOT BLANK OR A. ATOM NAMED  CG  WILL BE IGNORED !!!

 !!! IN RESIDUE G L U    42 B ALTERNATE LOCATION INDICATOR IS B AND
     NOT BLANK OR A. ATOM NAMED  CD  WILL BE IGNORED !!!

 !!! IN RESIDUE G L U    42 B ALTERNATE LOCATION INDICATOR IS B AND
     NOT BLANK OR A. ATOM NAMED  OE1 WILL BE IGNORED !!!

 !!! IN RESIDUE G L U    42 B ALTERNATE LOCATION INDICATOR IS B AND
     NOT BLANK OR A. ATOM NAMED  OE2 WILL BE IGNORED !!!

 !!! IN RESIDUE G L U    50 B ALTERNATE LOCATION INDICATOR IS B AND
     NOT BLANK OR A. ATOM NAMED  CG  WILL BE IGNORED !!!

 !!! IN RESIDUE G L U    50 B ALTERNATE LOCATION INDICATOR IS B AND
     NOT BLANK OR A. ATOM NAMED  CD  WILL BE IGNORED !!!

 !!! IN RESIDUE G L U    50 B ALTERNATE LOCATION INDICATOR IS B AND
     NOT BLANK OR A. ATOM NAMED  OE1 WILL BE IGNORED !!!

 !!! IN RESIDUE G L U    50 B ALTERNATE LOCATION INDICATOR IS B AND
     NOT BLANK OR A. ATOM NAMED  OE2 WILL BE IGNORED !!!

 !!! RESIDUE LEU   66 B HAS  5 INSTEAD OF EXPECTED   4 SIDECHAIN ATOMS.
     LAST SIDECHAIN ATOM NAME IS  OXT
     CALCULATED SOLVENT ACCESSIBILITY INCLUDES EXTRA ATOMS !!!

 !!! POLYPEPTIDE CHAIN INTERRUPTED !!!
INPUTCOORDINATES DONE         133
FLAGSSBONDS DONE
FLAGCHIRALITY DONE
FLAGHYDROGENBONDS DONE
FLAGBRIDGE DONE
FLAGTURN DONE
FLAGACCESS DONE
PRINTOUT DONE
