 
                           DSSP
            by Wolfgang Kabsch and Chris Sander

Defines secondary structure and solvent exposure of proteins from
atomic coordinates as given in Protein Data Bank format.   

_________________________________________________________________________
This version licensed to Ethan Benatan at Univ_Pittsburgh               
for academic purposes.                                                 
Do not redistribute. 

Commercial licenses available on request.                                

Copyright by Wolfgang Kabsch and Chris Sander, 1983, 1985, 1988. 
Fax: +49-6221-387 306

Algorithm version October 1988. Refer to Biopolymers 22(1983) 2577-2637.
Do report errors if you find any.

Email: Sander@embl-heidelberg.de 
       Kabsch@embl-heidelberg.de 

_________________________________________________________________________
Related databases and datasets available from the Protein
Design Group at EMBL via anonymous ftp from embl-heidelberg.de:

pdb_select   Representative set of protein structures.
             By U. Hobohm, C. Sander, M. Scharf and R. Schneider.
             See Protein Science 1, 409-417.
DSSP         Dictionary of secondary structures of proteins. 
HSSP         Database of sequence-homology derived protein families.
             By C. Sander and R.Schneider.
             See Proteins 9, 56-68 (1991).
FSSP         Database of protein structure families with 
             common folding motifs. 
             L.Holm, C. Ouzounis, C. Sander, G.Tuparev, G. Vriend
             See Protein Science, in the press (1992).
In the XSSP databases, there is one dataset for each unique or
             representative PDB protein, e.g., 1PPT.HSSP etc.

Restrictions:Commercial users must apply for a license. 
             Not to be used for classified research.
 !!! IN RESIDUE G L U    48 A ALTERNATE LOCATION INDICATOR IS B AND
     NOT BLANK OR A. ATOM NAMED  CB  WILL BE IGNORED !!!

 !!! IN RESIDUE G L U    48 A ALTERNATE LOCATION INDICATOR IS B AND
     NOT BLANK OR A. ATOM NAMED  CG  WILL BE IGNORED !!!

 !!! IN RESIDUE G L U    48 A ALTERNATE LOCATION INDICATOR IS B AND
     NOT BLANK OR A. ATOM NAMED  CD  WILL BE IGNORED !!!

 !!! IN RESIDUE G L U    48 A ALTERNATE LOCATION INDICATOR IS B AND
     NOT BLANK OR A. ATOM NAMED  OE1 WILL BE IGNORED !!!

 !!! IN RESIDUE G L U    48 A ALTERNATE LOCATION INDICATOR IS B AND
     NOT BLANK OR A. ATOM NAMED  OE2 WILL BE IGNORED !!!

 !!! IN RESIDUE V A L    61 A ALTERNATE LOCATION INDICATOR IS B AND
     NOT BLANK OR A. ATOM NAMED  CB  WILL BE IGNORED !!!

 !!! IN RESIDUE V A L    61 A ALTERNATE LOCATION INDICATOR IS B AND
     NOT BLANK OR A. ATOM NAMED  CG1 WILL BE IGNORED !!!

 !!! IN RESIDUE V A L    61 A ALTERNATE LOCATION INDICATOR IS B AND
     NOT BLANK OR A. ATOM NAMED  CG2 WILL BE IGNORED !!!

 !!! IN RESIDUE G L U    69 A ALTERNATE LOCATION INDICATOR IS B AND
     NOT BLANK OR A. ATOM NAMED  CB  WILL BE IGNORED !!!

 !!! IN RESIDUE G L U    69 A ALTERNATE LOCATION INDICATOR IS B AND
     NOT BLANK OR A. ATOM NAMED  CG  WILL BE IGNORED !!!

 !!! IN RESIDUE G L U    69 A ALTERNATE LOCATION INDICATOR IS B AND
     NOT BLANK OR A. ATOM NAMED  CD  WILL BE IGNORED !!!

 !!! IN RESIDUE G L U    69 A ALTERNATE LOCATION INDICATOR IS B AND
     NOT BLANK OR A. ATOM NAMED  OE1 WILL BE IGNORED !!!

 !!! IN RESIDUE G L U    69 A ALTERNATE LOCATION INDICATOR IS B AND
     NOT BLANK OR A. ATOM NAMED  OE2 WILL BE IGNORED !!!

 !!! IN RESIDUE I L E    75 A ALTERNATE LOCATION INDICATOR IS B AND
     NOT BLANK OR A. ATOM NAMED  CB  WILL BE IGNORED !!!

 !!! IN RESIDUE I L E    75 A ALTERNATE LOCATION INDICATOR IS B AND
     NOT BLANK OR A. ATOM NAMED  CG1 WILL BE IGNORED !!!

 !!! IN RESIDUE I L E    75 A ALTERNATE LOCATION INDICATOR IS B AND
     NOT BLANK OR A. ATOM NAMED  CG2 WILL BE IGNORED !!!

 !!! IN RESIDUE I L E    75 A ALTERNATE LOCATION INDICATOR IS B AND
     NOT BLANK OR A. ATOM NAMED  CD1 WILL BE IGNORED !!!

INPUTCOORDINATES DONE          88
FLAGSSBONDS DONE
FLAGCHIRALITY DONE
FLAGHYDROGENBONDS DONE
FLAGBRIDGE DONE
FLAGTURN DONE
FLAGACCESS DONE
PRINTOUT DONE
