 
                           DSSP
            by Wolfgang Kabsch and Chris Sander

Defines secondary structure and solvent exposure of proteins from
atomic coordinates as given in Protein Data Bank format.   

_________________________________________________________________________
This version licensed to Ethan Benatan at Univ_Pittsburgh               
for academic purposes.                                                 
Do not redistribute. 

Commercial licenses available on request.                                

Copyright by Wolfgang Kabsch and Chris Sander, 1983, 1985, 1988. 
Fax: +49-6221-387 306

Algorithm version October 1988. Refer to Biopolymers 22(1983) 2577-2637.
Do report errors if you find any.

Email: Sander@embl-heidelberg.de 
       Kabsch@embl-heidelberg.de 

_________________________________________________________________________
Related databases and datasets available from the Protein
Design Group at EMBL via anonymous ftp from embl-heidelberg.de:

pdb_select   Representative set of protein structures.
             By U. Hobohm, C. Sander, M. Scharf and R. Schneider.
             See Protein Science 1, 409-417.
DSSP         Dictionary of secondary structures of proteins. 
HSSP         Database of sequence-homology derived protein families.
             By C. Sander and R.Schneider.
             See Proteins 9, 56-68 (1991).
FSSP         Database of protein structure families with 
             common folding motifs. 
             L.Holm, C. Ouzounis, C. Sander, G.Tuparev, G. Vriend
             See Protein Science, in the press (1992).
In the XSSP databases, there is one dataset for each unique or
             representative PDB protein, e.g., 1PPT.HSSP etc.

Restrictions:Commercial users must apply for a license. 
             Not to be used for classified research.
 !!! RESIDUE GLU   13 A HAS  1 INSTEAD OF EXPECTED   5 SIDECHAIN ATOMS.
     CALCULATED SOLVENT ACCESSIBILITY REFERS TO INCOMPLETE SIDECHAIN !!!

 !!! RESIDUE LYS   14 A HAS  1 INSTEAD OF EXPECTED   5 SIDECHAIN ATOMS.
     CALCULATED SOLVENT ACCESSIBILITY REFERS TO INCOMPLETE SIDECHAIN !!!

 !!! RESIDUE GLU   52 A HAS  1 INSTEAD OF EXPECTED   5 SIDECHAIN ATOMS.
     CALCULATED SOLVENT ACCESSIBILITY REFERS TO INCOMPLETE SIDECHAIN !!!

 !!! RESIDUE LYS   55 A HAS  1 INSTEAD OF EXPECTED   5 SIDECHAIN ATOMS.
     CALCULATED SOLVENT ACCESSIBILITY REFERS TO INCOMPLETE SIDECHAIN !!!

 !!! IN RESIDUE S E R   133 A ALTERNATE LOCATION INDICATOR IS B AND
     NOT BLANK OR A. ATOM NAMED  CB  WILL BE IGNORED !!!

 !!! IN RESIDUE S E R   133 A ALTERNATE LOCATION INDICATOR IS B AND
     NOT BLANK OR A. ATOM NAMED  OG  WILL BE IGNORED !!!

 !!! RESIDUE ARG  148 A HAS  1 INSTEAD OF EXPECTED   7 SIDECHAIN ATOMS.
     CALCULATED SOLVENT ACCESSIBILITY REFERS TO INCOMPLETE SIDECHAIN !!!

 !!! RESIDUE GLN  164 A HAS  1 INSTEAD OF EXPECTED   5 SIDECHAIN ATOMS.
     CALCULATED SOLVENT ACCESSIBILITY REFERS TO INCOMPLETE SIDECHAIN !!!

 !!! IN RESIDUE G L N   176 A ALTERNATE LOCATION INDICATOR IS B AND
     NOT BLANK OR A. ATOM NAMED  CB  WILL BE IGNORED !!!

 !!! IN RESIDUE G L N   176 A ALTERNATE LOCATION INDICATOR IS B AND
     NOT BLANK OR A. ATOM NAMED  CG  WILL BE IGNORED !!!

 !!! IN RESIDUE G L N   176 A ALTERNATE LOCATION INDICATOR IS B AND
     NOT BLANK OR A. ATOM NAMED  CD  WILL BE IGNORED !!!

 !!! IN RESIDUE G L N   176 A ALTERNATE LOCATION INDICATOR IS B AND
     NOT BLANK OR A. ATOM NAMED  OE1 WILL BE IGNORED !!!

 !!! IN RESIDUE G L N   176 A ALTERNATE LOCATION INDICATOR IS B AND
     NOT BLANK OR A. ATOM NAMED  NE2 WILL BE IGNORED !!!

 !!! IN RESIDUE G L U   187 A ALTERNATE LOCATION INDICATOR IS B AND
     NOT BLANK OR A. ATOM NAMED  CB  WILL BE IGNORED !!!

 !!! IN RESIDUE G L U   187 A ALTERNATE LOCATION INDICATOR IS B AND
     NOT BLANK OR A. ATOM NAMED  CG  WILL BE IGNORED !!!

 !!! IN RESIDUE G L U   187 A ALTERNATE LOCATION INDICATOR IS B AND
     NOT BLANK OR A. ATOM NAMED  CD  WILL BE IGNORED !!!

 !!! IN RESIDUE G L U   187 A ALTERNATE LOCATION INDICATOR IS B AND
     NOT BLANK OR A. ATOM NAMED  OE1 WILL BE IGNORED !!!

 !!! IN RESIDUE G L U   187 A ALTERNATE LOCATION INDICATOR IS B AND
     NOT BLANK OR A. ATOM NAMED  OE2 WILL BE IGNORED !!!

 !!! RESIDUE GLU   13 B HAS  1 INSTEAD OF EXPECTED   5 SIDECHAIN ATOMS.
     CALCULATED SOLVENT ACCESSIBILITY REFERS TO INCOMPLETE SIDECHAIN !!!

 !!! RESIDUE LYS   14 B HAS  1 INSTEAD OF EXPECTED   5 SIDECHAIN ATOMS.
     CALCULATED SOLVENT ACCESSIBILITY REFERS TO INCOMPLETE SIDECHAIN !!!

 !!! RESIDUE LYS   47 B HAS  1 INSTEAD OF EXPECTED   5 SIDECHAIN ATOMS.
     CALCULATED SOLVENT ACCESSIBILITY REFERS TO INCOMPLETE SIDECHAIN !!!

 !!! RESIDUE GLU   52 B HAS  1 INSTEAD OF EXPECTED   5 SIDECHAIN ATOMS.
     CALCULATED SOLVENT ACCESSIBILITY REFERS TO INCOMPLETE SIDECHAIN !!!

 !!! RESIDUE LYS  132 B HAS  1 INSTEAD OF EXPECTED   5 SIDECHAIN ATOMS.
     CALCULATED SOLVENT ACCESSIBILITY REFERS TO INCOMPLETE SIDECHAIN !!!

 !!! IN RESIDUE S E R   133 B ALTERNATE LOCATION INDICATOR IS B AND
     NOT BLANK OR A. ATOM NAMED  CB  WILL BE IGNORED !!!

 !!! IN RESIDUE S E R   133 B ALTERNATE LOCATION INDICATOR IS B AND
     NOT BLANK OR A. ATOM NAMED  OG  WILL BE IGNORED !!!

 !!! RESIDUE ARG  148 B HAS  1 INSTEAD OF EXPECTED   7 SIDECHAIN ATOMS.
     CALCULATED SOLVENT ACCESSIBILITY REFERS TO INCOMPLETE SIDECHAIN !!!

 !!! POLYPEPTIDE CHAIN INTERRUPTED !!!
INPUTCOORDINATES DONE         377
FLAGSSBONDS DONE
FLAGCHIRALITY DONE
FLAGHYDROGENBONDS DONE
FLAGBRIDGE DONE
FLAGTURN DONE
FLAGACCESS DONE
PRINTOUT DONE
