 
                           DSSP
            by Wolfgang Kabsch and Chris Sander

Defines secondary structure and solvent exposure of proteins from
atomic coordinates as given in Protein Data Bank format.   

_________________________________________________________________________
This version licensed to Ethan Benatan at Univ_Pittsburgh               
for academic purposes.                                                 
Do not redistribute. 

Commercial licenses available on request.                                

Copyright by Wolfgang Kabsch and Chris Sander, 1983, 1985, 1988. 
Fax: +49-6221-387 306

Algorithm version October 1988. Refer to Biopolymers 22(1983) 2577-2637.
Do report errors if you find any.

Email: Sander@embl-heidelberg.de 
       Kabsch@embl-heidelberg.de 

_________________________________________________________________________
Related databases and datasets available from the Protein
Design Group at EMBL via anonymous ftp from embl-heidelberg.de:

pdb_select   Representative set of protein structures.
             By U. Hobohm, C. Sander, M. Scharf and R. Schneider.
             See Protein Science 1, 409-417.
DSSP         Dictionary of secondary structures of proteins. 
HSSP         Database of sequence-homology derived protein families.
             By C. Sander and R.Schneider.
             See Proteins 9, 56-68 (1991).
FSSP         Database of protein structure families with 
             common folding motifs. 
             L.Holm, C. Ouzounis, C. Sander, G.Tuparev, G. Vriend
             See Protein Science, in the press (1992).
In the XSSP databases, there is one dataset for each unique or
             representative PDB protein, e.g., 1PPT.HSSP etc.

Restrictions:Commercial users must apply for a license. 
             Not to be used for classified research.
 !!! RESIDUE ARG 1649 X HAS  1 INSTEAD OF EXPECTED   7 SIDECHAIN ATOMS.
     CALCULATED SOLVENT ACCESSIBILITY REFERS TO INCOMPLETE SIDECHAIN !!!

 !!! RESIDUE ARG 1670 X HAS  1 INSTEAD OF EXPECTED   7 SIDECHAIN ATOMS.
     CALCULATED SOLVENT ACCESSIBILITY REFERS TO INCOMPLETE SIDECHAIN !!!

 !!! RESIDUE LYS 1671 X HAS  1 INSTEAD OF EXPECTED   5 SIDECHAIN ATOMS.
     CALCULATED SOLVENT ACCESSIBILITY REFERS TO INCOMPLETE SIDECHAIN !!!

 !!! EXCESSIVE C TO N DISTANCE  3.50552E+00> 2.50000E+00
     BEFORE RESIDUE PHE 1695 X. CHAIN BREAK RESIDUE INSERTED !!!

 !!! RESIDUE ARG 1726 X HAS  1 INSTEAD OF EXPECTED   7 SIDECHAIN ATOMS.
     CALCULATED SOLVENT ACCESSIBILITY REFERS TO INCOMPLETE SIDECHAIN !!!

 !!! RESIDUE ASP 1733 X HAS  1 INSTEAD OF EXPECTED   4 SIDECHAIN ATOMS.
     CALCULATED SOLVENT ACCESSIBILITY REFERS TO INCOMPLETE SIDECHAIN !!!

 !!! RESIDUE GLU 1735 X HAS  1 INSTEAD OF EXPECTED   5 SIDECHAIN ATOMS.
     CALCULATED SOLVENT ACCESSIBILITY REFERS TO INCOMPLETE SIDECHAIN !!!

 !!! RESIDUE ARG 1737 X HAS  1 INSTEAD OF EXPECTED   7 SIDECHAIN ATOMS.
     CALCULATED SOLVENT ACCESSIBILITY REFERS TO INCOMPLETE SIDECHAIN !!!

 !!! RESIDUE ARG 1744 X HAS  1 INSTEAD OF EXPECTED   7 SIDECHAIN ATOMS.
     CALCULATED SOLVENT ACCESSIBILITY REFERS TO INCOMPLETE SIDECHAIN !!!

 !!! RESIDUE ASN 1745 X HAS  1 INSTEAD OF EXPECTED   4 SIDECHAIN ATOMS.
     CALCULATED SOLVENT ACCESSIBILITY REFERS TO INCOMPLETE SIDECHAIN !!!

 !!! RESIDUE HIS 1746 X HAS  1 INSTEAD OF EXPECTED   6 SIDECHAIN ATOMS.
     CALCULATED SOLVENT ACCESSIBILITY REFERS TO INCOMPLETE SIDECHAIN !!!

 !!! RESIDUE GLN 1747 X HAS  1 INSTEAD OF EXPECTED   5 SIDECHAIN ATOMS.
     CALCULATED SOLVENT ACCESSIBILITY REFERS TO INCOMPLETE SIDECHAIN !!!

 !!! RESIDUE LYS 1750 X HAS  1 INSTEAD OF EXPECTED   5 SIDECHAIN ATOMS.
     CALCULATED SOLVENT ACCESSIBILITY REFERS TO INCOMPLETE SIDECHAIN !!!

 !!! RESIDUE ARG 1751 X HAS  1 INSTEAD OF EXPECTED   7 SIDECHAIN ATOMS.
     CALCULATED SOLVENT ACCESSIBILITY REFERS TO INCOMPLETE SIDECHAIN !!!

 !!! RESIDUE GLU 1754 X HAS  1 INSTEAD OF EXPECTED   5 SIDECHAIN ATOMS.
     CALCULATED SOLVENT ACCESSIBILITY REFERS TO INCOMPLETE SIDECHAIN !!!

 !!! RESIDUE GLN 1756 X HAS  1 INSTEAD OF EXPECTED   5 SIDECHAIN ATOMS.
     CALCULATED SOLVENT ACCESSIBILITY REFERS TO INCOMPLETE SIDECHAIN !!!

 !!! RESIDUE ASP 1757 X HAS  1 INSTEAD OF EXPECTED   4 SIDECHAIN ATOMS.
     CALCULATED SOLVENT ACCESSIBILITY REFERS TO INCOMPLETE SIDECHAIN !!!

 !!! RESIDUE ARG 1758 X HAS  1 INSTEAD OF EXPECTED   7 SIDECHAIN ATOMS.
     CALCULATED SOLVENT ACCESSIBILITY REFERS TO INCOMPLETE SIDECHAIN !!!

 !!! RESIDUE LYS 1793 X HAS  1 INSTEAD OF EXPECTED   5 SIDECHAIN ATOMS.
     CALCULATED SOLVENT ACCESSIBILITY REFERS TO INCOMPLETE SIDECHAIN !!!

 !!! RESIDUE LEU 1800 X HAS  1 INSTEAD OF EXPECTED   4 SIDECHAIN ATOMS.
     CALCULATED SOLVENT ACCESSIBILITY REFERS TO INCOMPLETE SIDECHAIN !!!

 !!! RESIDUE THR 1802 X HAS  1 INSTEAD OF EXPECTED   3 SIDECHAIN ATOMS.
     CALCULATED SOLVENT ACCESSIBILITY REFERS TO INCOMPLETE SIDECHAIN !!!

 !!! RESIDUE TRP 1815 X HAS  1 INSTEAD OF EXPECTED  10 SIDECHAIN ATOMS.
     CALCULATED SOLVENT ACCESSIBILITY REFERS TO INCOMPLETE SIDECHAIN !!!

 !!! RESIDUE THR 1816 X HAS  1 INSTEAD OF EXPECTED   3 SIDECHAIN ATOMS.
     CALCULATED SOLVENT ACCESSIBILITY REFERS TO INCOMPLETE SIDECHAIN !!!

 !!! EXCESSIVE C TO N DISTANCE  7.85214E+00> 2.50000E+00
     BEFORE RESIDUE GLY 1820 X. CHAIN BREAK RESIDUE INSERTED !!!

 !!! RESIDUE PHE 1821 X HAS  1 INSTEAD OF EXPECTED   7 SIDECHAIN ATOMS.
     CALCULATED SOLVENT ACCESSIBILITY REFERS TO INCOMPLETE SIDECHAIN !!!

 !!! RESIDUE GLN 1846 X HAS  1 INSTEAD OF EXPECTED   5 SIDECHAIN ATOMS.
     CALCULATED SOLVENT ACCESSIBILITY REFERS TO INCOMPLETE SIDECHAIN !!!

 !!! RESIDUE GLU 1849 X HAS  1 INSTEAD OF EXPECTED   5 SIDECHAIN ATOMS.
     CALCULATED SOLVENT ACCESSIBILITY REFERS TO INCOMPLETE SIDECHAIN !!!

 !!! RESIDUE ASP 1851 X HAS  1 INSTEAD OF EXPECTED   4 SIDECHAIN ATOMS.
     CALCULATED SOLVENT ACCESSIBILITY REFERS TO INCOMPLETE SIDECHAIN !!!

 !!! POLYPEPTIDE CHAIN INTERRUPTED !!!
INPUTCOORDINATES DONE         209
FLAGSSBONDS DONE
FLAGCHIRALITY DONE
FLAGHYDROGENBONDS DONE
FLAGBRIDGE DONE
FLAGTURN DONE
FLAGACCESS DONE
PRINTOUT DONE
