 
                           DSSP
            by Wolfgang Kabsch and Chris Sander

Defines secondary structure and solvent exposure of proteins from
atomic coordinates as given in Protein Data Bank format.   

_________________________________________________________________________
This version licensed to Ethan Benatan at Univ_Pittsburgh               
for academic purposes.                                                 
Do not redistribute. 

Commercial licenses available on request.                                

Copyright by Wolfgang Kabsch and Chris Sander, 1983, 1985, 1988. 
Fax: +49-6221-387 306

Algorithm version October 1988. Refer to Biopolymers 22(1983) 2577-2637.
Do report errors if you find any.

Email: Sander@embl-heidelberg.de 
       Kabsch@embl-heidelberg.de 

_________________________________________________________________________
Related databases and datasets available from the Protein
Design Group at EMBL via anonymous ftp from embl-heidelberg.de:

pdb_select   Representative set of protein structures.
             By U. Hobohm, C. Sander, M. Scharf and R. Schneider.
             See Protein Science 1, 409-417.
DSSP         Dictionary of secondary structures of proteins. 
HSSP         Database of sequence-homology derived protein families.
             By C. Sander and R.Schneider.
             See Proteins 9, 56-68 (1991).
FSSP         Database of protein structure families with 
             common folding motifs. 
             L.Holm, C. Ouzounis, C. Sander, G.Tuparev, G. Vriend
             See Protein Science, in the press (1992).
In the XSSP databases, there is one dataset for each unique or
             representative PDB protein, e.g., 1PPT.HSSP etc.

Restrictions:Commercial users must apply for a license. 
             Not to be used for classified research.
 !!! RESIDUE GLU   31 A HAS  1 INSTEAD OF EXPECTED   5 SIDECHAIN ATOMS.
     CALCULATED SOLVENT ACCESSIBILITY REFERS TO INCOMPLETE SIDECHAIN !!!

 !!! RESIDUE SER   35 A HAS  0 INSTEAD OF EXPECTED   2 SIDECHAIN ATOMS.
     CALCULATED SOLVENT ACCESSIBILITY REFERS TO INCOMPLETE SIDECHAIN !!!

 !!! RESIDUE LYS   41 A HAS  3 INSTEAD OF EXPECTED   5 SIDECHAIN ATOMS.
     CALCULATED SOLVENT ACCESSIBILITY REFERS TO INCOMPLETE SIDECHAIN !!!

 !!! RESIDUE ASN   43 A HAS  0 INSTEAD OF EXPECTED   4 SIDECHAIN ATOMS.
     CALCULATED SOLVENT ACCESSIBILITY REFERS TO INCOMPLETE SIDECHAIN !!!

 !!! EXCESSIVE C TO N DISTANCE  2.95518E+00> 2.50000E+00
     BEFORE RESIDUE GLU   46 A. CHAIN BREAK RESIDUE INSERTED !!!

 !!! RESIDUE ASP   49 A HAS  0 INSTEAD OF EXPECTED   4 SIDECHAIN ATOMS.
     CALCULATED SOLVENT ACCESSIBILITY REFERS TO INCOMPLETE SIDECHAIN !!!

 !!! RESIDUE THR  104 A HAS  4 INSTEAD OF EXPECTED   3 SIDECHAIN ATOMS.
     LAST SIDECHAIN ATOM NAME IS  OXT
     CALCULATED SOLVENT ACCESSIBILITY INCLUDES EXTRA ATOMS !!!

 !!! RESIDUE SER   96 B HAS  0 INSTEAD OF EXPECTED   2 SIDECHAIN ATOMS.
     CALCULATED SOLVENT ACCESSIBILITY REFERS TO INCOMPLETE SIDECHAIN !!!

 !!! RESIDUE ASN   98 B HAS  1 INSTEAD OF EXPECTED   4 SIDECHAIN ATOMS.
     CALCULATED SOLVENT ACCESSIBILITY REFERS TO INCOMPLETE SIDECHAIN !!!

 !!! RESIDUE THR  104 B HAS  4 INSTEAD OF EXPECTED   3 SIDECHAIN ATOMS.
     LAST SIDECHAIN ATOM NAME IS  OXT
     CALCULATED SOLVENT ACCESSIBILITY INCLUDES EXTRA ATOMS !!!

 !!! RESIDUE LYS   41 C HAS  3 INSTEAD OF EXPECTED   5 SIDECHAIN ATOMS.
     CALCULATED SOLVENT ACCESSIBILITY REFERS TO INCOMPLETE SIDECHAIN !!!

 !!! RESIDUE TYR   45 C HAS  7 INSTEAD OF EXPECTED   8 SIDECHAIN ATOMS.
     CALCULATED SOLVENT ACCESSIBILITY REFERS TO INCOMPLETE SIDECHAIN !!!

 !!! RESIDUE SER   96 C HAS  1 INSTEAD OF EXPECTED   2 SIDECHAIN ATOMS.
     CALCULATED SOLVENT ACCESSIBILITY REFERS TO INCOMPLETE SIDECHAIN !!!

 !!! RESIDUE THR  104 C HAS  4 INSTEAD OF EXPECTED   3 SIDECHAIN ATOMS.
     LAST SIDECHAIN ATOM NAME IS  OXT
     CALCULATED SOLVENT ACCESSIBILITY INCLUDES EXTRA ATOMS !!!

 !!! POLYPEPTIDE CHAIN INTERRUPTED !!!
INPUTCOORDINATES DONE         313
FLAGSSBONDS DONE
FLAGCHIRALITY DONE
FLAGHYDROGENBONDS DONE
FLAGBRIDGE DONE
FLAGTURN DONE
FLAGACCESS DONE
PRINTOUT DONE
