 
                           DSSP
            by Wolfgang Kabsch and Chris Sander

Defines secondary structure and solvent exposure of proteins from
atomic coordinates as given in Protein Data Bank format.   

_________________________________________________________________________
This version licensed to Ethan Benatan at Univ_Pittsburgh               
for academic purposes.                                                 
Do not redistribute. 

Commercial licenses available on request.                                

Copyright by Wolfgang Kabsch and Chris Sander, 1983, 1985, 1988. 
Fax: +49-6221-387 306

Algorithm version October 1988. Refer to Biopolymers 22(1983) 2577-2637.
Do report errors if you find any.

Email: Sander@embl-heidelberg.de 
       Kabsch@embl-heidelberg.de 

_________________________________________________________________________
Related databases and datasets available from the Protein
Design Group at EMBL via anonymous ftp from embl-heidelberg.de:

pdb_select   Representative set of protein structures.
             By U. Hobohm, C. Sander, M. Scharf and R. Schneider.
             See Protein Science 1, 409-417.
DSSP         Dictionary of secondary structures of proteins. 
HSSP         Database of sequence-homology derived protein families.
             By C. Sander and R.Schneider.
             See Proteins 9, 56-68 (1991).
FSSP         Database of protein structure families with 
             common folding motifs. 
             L.Holm, C. Ouzounis, C. Sander, G.Tuparev, G. Vriend
             See Protein Science, in the press (1992).
In the XSSP databases, there is one dataset for each unique or
             representative PDB protein, e.g., 1PPT.HSSP etc.

Restrictions:Commercial users must apply for a license. 
             Not to be used for classified research.
 !!! EXCESSIVE C TO N DISTANCE  9.31805E+00> 2.50000E+00
     BEFORE RESIDUE GLN   65 A. CHAIN BREAK RESIDUE INSERTED !!!

 !!! EXCESSIVE C TO N DISTANCE  6.84523E+00> 2.50000E+00
     BEFORE RESIDUE GLU  186 A. CHAIN BREAK RESIDUE INSERTED !!!

 !!! RESIDUE SER  268 A HAS  3 INSTEAD OF EXPECTED   2 SIDECHAIN ATOMS.
     LAST SIDECHAIN ATOM NAME IS  OXT
     CALCULATED SOLVENT ACCESSIBILITY INCLUDES EXTRA ATOMS !!!

 !!! EXCESSIVE C TO N DISTANCE  8.59557E+00> 2.50000E+00
     BEFORE RESIDUE ILE 1064 B. CHAIN BREAK RESIDUE INSERTED !!!

 !!! IN RESIDUE A R G  1171 B ALTERNATE LOCATION INDICATOR IS B AND
     NOT BLANK OR A. ATOM NAMED  N   WILL BE IGNORED !!!

 !!! IN RESIDUE A R G  1171 B ALTERNATE LOCATION INDICATOR IS B AND
     NOT BLANK OR A. ATOM NAMED  CA  WILL BE IGNORED !!!

 !!! IN RESIDUE A R G  1171 B ALTERNATE LOCATION INDICATOR IS B AND
     NOT BLANK OR A. ATOM NAMED  C   WILL BE IGNORED !!!

 !!! IN RESIDUE A R G  1171 B ALTERNATE LOCATION INDICATOR IS B AND
     NOT BLANK OR A. ATOM NAMED  O   WILL BE IGNORED !!!

 !!! IN RESIDUE A R G  1171 B ALTERNATE LOCATION INDICATOR IS B AND
     NOT BLANK OR A. ATOM NAMED  CB  WILL BE IGNORED !!!

 !!! IN RESIDUE A R G  1171 B ALTERNATE LOCATION INDICATOR IS B AND
     NOT BLANK OR A. ATOM NAMED  CG  WILL BE IGNORED !!!

 !!! IN RESIDUE A R G  1171 B ALTERNATE LOCATION INDICATOR IS B AND
     NOT BLANK OR A. ATOM NAMED  CD  WILL BE IGNORED !!!

 !!! IN RESIDUE A R G  1171 B ALTERNATE LOCATION INDICATOR IS B AND
     NOT BLANK OR A. ATOM NAMED  NE  WILL BE IGNORED !!!

 !!! IN RESIDUE A R G  1171 B ALTERNATE LOCATION INDICATOR IS B AND
     NOT BLANK OR A. ATOM NAMED  CZ  WILL BE IGNORED !!!

 !!! IN RESIDUE A R G  1171 B ALTERNATE LOCATION INDICATOR IS B AND
     NOT BLANK OR A. ATOM NAMED  NH1 WILL BE IGNORED !!!

 !!! IN RESIDUE A R G  1171 B ALTERNATE LOCATION INDICATOR IS B AND
     NOT BLANK OR A. ATOM NAMED  NH2 WILL BE IGNORED !!!

 !!! EXCESSIVE C TO N DISTANCE  3.71797E+00> 2.50000E+00
     BEFORE RESIDUE GLU 1186 B. CHAIN BREAK RESIDUE INSERTED !!!

 !!! RESIDUE SER 1268 B HAS  3 INSTEAD OF EXPECTED   2 SIDECHAIN ATOMS.
     LAST SIDECHAIN ATOM NAME IS  OXT
     CALCULATED SOLVENT ACCESSIBILITY INCLUDES EXTRA ATOMS !!!

 !!! POLYPEPTIDE CHAIN INTERRUPTED !!!
INPUTCOORDINATES DONE         524
FLAGSSBONDS DONE
FLAGCHIRALITY DONE
FLAGHYDROGENBONDS DONE
FLAGBRIDGE DONE
FLAGTURN DONE
FLAGACCESS DONE
PRINTOUT DONE
