 
                           DSSP
            by Wolfgang Kabsch and Chris Sander

Defines secondary structure and solvent exposure of proteins from
atomic coordinates as given in Protein Data Bank format.   

_________________________________________________________________________
This version licensed to Ethan Benatan at Univ_Pittsburgh               
for academic purposes.                                                 
Do not redistribute. 

Commercial licenses available on request.                                

Copyright by Wolfgang Kabsch and Chris Sander, 1983, 1985, 1988. 
Fax: +49-6221-387 306

Algorithm version October 1988. Refer to Biopolymers 22(1983) 2577-2637.
Do report errors if you find any.

Email: Sander@embl-heidelberg.de 
       Kabsch@embl-heidelberg.de 

_________________________________________________________________________
Related databases and datasets available from the Protein
Design Group at EMBL via anonymous ftp from embl-heidelberg.de:

pdb_select   Representative set of protein structures.
             By U. Hobohm, C. Sander, M. Scharf and R. Schneider.
             See Protein Science 1, 409-417.
DSSP         Dictionary of secondary structures of proteins. 
HSSP         Database of sequence-homology derived protein families.
             By C. Sander and R.Schneider.
             See Proteins 9, 56-68 (1991).
FSSP         Database of protein structure families with 
             common folding motifs. 
             L.Holm, C. Ouzounis, C. Sander, G.Tuparev, G. Vriend
             See Protein Science, in the press (1992).
In the XSSP databases, there is one dataset for each unique or
             representative PDB protein, e.g., 1PPT.HSSP etc.

Restrictions:Commercial users must apply for a license. 
             Not to be used for classified research.
 !!! IN RESIDUE G L U     4 A ALTERNATE LOCATION INDICATOR IS B AND
     NOT BLANK OR A. ATOM NAMED  N   WILL BE IGNORED !!!

 !!! IN RESIDUE G L U     4 A ALTERNATE LOCATION INDICATOR IS B AND
     NOT BLANK OR A. ATOM NAMED  CA  WILL BE IGNORED !!!

 !!! IN RESIDUE G L U     4 A ALTERNATE LOCATION INDICATOR IS B AND
     NOT BLANK OR A. ATOM NAMED  C   WILL BE IGNORED !!!

 !!! IN RESIDUE G L U     4 A ALTERNATE LOCATION INDICATOR IS B AND
     NOT BLANK OR A. ATOM NAMED  O   WILL BE IGNORED !!!

 !!! IN RESIDUE G L U     4 A ALTERNATE LOCATION INDICATOR IS B AND
     NOT BLANK OR A. ATOM NAMED  CB  WILL BE IGNORED !!!

 !!! IN RESIDUE G L U     4 A ALTERNATE LOCATION INDICATOR IS B AND
     NOT BLANK OR A. ATOM NAMED  CG  WILL BE IGNORED !!!

 !!! IN RESIDUE G L U     4 A ALTERNATE LOCATION INDICATOR IS B AND
     NOT BLANK OR A. ATOM NAMED  CD  WILL BE IGNORED !!!

 !!! IN RESIDUE G L U     4 A ALTERNATE LOCATION INDICATOR IS B AND
     NOT BLANK OR A. ATOM NAMED  OE1 WILL BE IGNORED !!!

 !!! IN RESIDUE G L U     4 A ALTERNATE LOCATION INDICATOR IS B AND
     NOT BLANK OR A. ATOM NAMED  OE2 WILL BE IGNORED !!!

 !!! IN RESIDUE L Y S     5 A ALTERNATE LOCATION INDICATOR IS B AND
     NOT BLANK OR A. ATOM NAMED  N   WILL BE IGNORED !!!

 !!! IN RESIDUE L Y S     5 A ALTERNATE LOCATION INDICATOR IS B AND
     NOT BLANK OR A. ATOM NAMED  CA  WILL BE IGNORED !!!

 !!! IN RESIDUE L Y S     5 A ALTERNATE LOCATION INDICATOR IS B AND
     NOT BLANK OR A. ATOM NAMED  C   WILL BE IGNORED !!!

 !!! IN RESIDUE L Y S     5 A ALTERNATE LOCATION INDICATOR IS B AND
     NOT BLANK OR A. ATOM NAMED  O   WILL BE IGNORED !!!

 !!! IN RESIDUE L Y S     5 A ALTERNATE LOCATION INDICATOR IS B AND
     NOT BLANK OR A. ATOM NAMED  CB  WILL BE IGNORED !!!

 !!! IN RESIDUE L Y S     5 A ALTERNATE LOCATION INDICATOR IS B AND
     NOT BLANK OR A. ATOM NAMED  CG  WILL BE IGNORED !!!

 !!! IN RESIDUE L Y S     5 A ALTERNATE LOCATION INDICATOR IS B AND
     NOT BLANK OR A. ATOM NAMED  CD  WILL BE IGNORED !!!

 !!! IN RESIDUE L Y S     5 A ALTERNATE LOCATION INDICATOR IS B AND
     NOT BLANK OR A. ATOM NAMED  CE  WILL BE IGNORED !!!

 !!! IN RESIDUE L Y S     5 A ALTERNATE LOCATION INDICATOR IS B AND
     NOT BLANK OR A. ATOM NAMED  NZ  WILL BE IGNORED !!!

 !!! IN RESIDUE S E R     6 A ALTERNATE LOCATION INDICATOR IS B AND
     NOT BLANK OR A. ATOM NAMED  CB  WILL BE IGNORED !!!

 !!! IN RESIDUE S E R     6 A ALTERNATE LOCATION INDICATOR IS B AND
     NOT BLANK OR A. ATOM NAMED  OG  WILL BE IGNORED !!!

 !!! IN RESIDUE L Y S    10 A ALTERNATE LOCATION INDICATOR IS B AND
     NOT BLANK OR A. ATOM NAMED  CB  WILL BE IGNORED !!!

 !!! IN RESIDUE L Y S    10 A ALTERNATE LOCATION INDICATOR IS B AND
     NOT BLANK OR A. ATOM NAMED  CG  WILL BE IGNORED !!!

 !!! IN RESIDUE L Y S    10 A ALTERNATE LOCATION INDICATOR IS B AND
     NOT BLANK OR A. ATOM NAMED  CD  WILL BE IGNORED !!!

 !!! IN RESIDUE L Y S    10 A ALTERNATE LOCATION INDICATOR IS B AND
     NOT BLANK OR A. ATOM NAMED  CE  WILL BE IGNORED !!!

 !!! IN RESIDUE L Y S    10 A ALTERNATE LOCATION INDICATOR IS B AND
     NOT BLANK OR A. ATOM NAMED  NZ  WILL BE IGNORED !!!

 !!! IN RESIDUE G L N    19 A ALTERNATE LOCATION INDICATOR IS B AND
     NOT BLANK OR A. ATOM NAMED  CB  WILL BE IGNORED !!!

 !!! IN RESIDUE G L N    19 A ALTERNATE LOCATION INDICATOR IS B AND
     NOT BLANK OR A. ATOM NAMED  CG  WILL BE IGNORED !!!

 !!! IN RESIDUE G L N    19 A ALTERNATE LOCATION INDICATOR IS B AND
     NOT BLANK OR A. ATOM NAMED  CD  WILL BE IGNORED !!!

 !!! IN RESIDUE G L N    19 A ALTERNATE LOCATION INDICATOR IS B AND
     NOT BLANK OR A. ATOM NAMED  OE1 WILL BE IGNORED !!!

 !!! IN RESIDUE G L N    19 A ALTERNATE LOCATION INDICATOR IS B AND
     NOT BLANK OR A. ATOM NAMED  NE2 WILL BE IGNORED !!!

 !!! IN RESIDUE S E R    29 A ALTERNATE LOCATION INDICATOR IS B AND
     NOT BLANK OR A. ATOM NAMED  CB  WILL BE IGNORED !!!

 !!! IN RESIDUE S E R    29 A ALTERNATE LOCATION INDICATOR IS B AND
     NOT BLANK OR A. ATOM NAMED  OG  WILL BE IGNORED !!!

 !!! IN RESIDUE T H R    59 A ALTERNATE LOCATION INDICATOR IS B AND
     NOT BLANK OR A. ATOM NAMED  CB  WILL BE IGNORED !!!

 !!! IN RESIDUE T H R    59 A ALTERNATE LOCATION INDICATOR IS B AND
     NOT BLANK OR A. ATOM NAMED  OG1 WILL BE IGNORED !!!

 !!! IN RESIDUE T H R    59 A ALTERNATE LOCATION INDICATOR IS B AND
     NOT BLANK OR A. ATOM NAMED  CG2 WILL BE IGNORED !!!

 !!! IN RESIDUE A S P    62 A ALTERNATE LOCATION INDICATOR IS B AND
     NOT BLANK OR A. ATOM NAMED  CB  WILL BE IGNORED !!!

 !!! IN RESIDUE A S P    62 A ALTERNATE LOCATION INDICATOR IS B AND
     NOT BLANK OR A. ATOM NAMED  CG  WILL BE IGNORED !!!

 !!! IN RESIDUE A S P    62 A ALTERNATE LOCATION INDICATOR IS B AND
     NOT BLANK OR A. ATOM NAMED  OD1 WILL BE IGNORED !!!

 !!! IN RESIDUE A S P    62 A ALTERNATE LOCATION INDICATOR IS B AND
     NOT BLANK OR A. ATOM NAMED  OD2 WILL BE IGNORED !!!

 !!! IN RESIDUE L Y S    94 A ALTERNATE LOCATION INDICATOR IS B AND
     NOT BLANK OR A. ATOM NAMED  CB  WILL BE IGNORED !!!

 !!! IN RESIDUE L Y S    94 A ALTERNATE LOCATION INDICATOR IS B AND
     NOT BLANK OR A. ATOM NAMED  CG  WILL BE IGNORED !!!

 !!! IN RESIDUE L Y S    94 A ALTERNATE LOCATION INDICATOR IS B AND
     NOT BLANK OR A. ATOM NAMED  CD  WILL BE IGNORED !!!

 !!! IN RESIDUE L Y S    94 A ALTERNATE LOCATION INDICATOR IS B AND
     NOT BLANK OR A. ATOM NAMED  CE  WILL BE IGNORED !!!

 !!! IN RESIDUE L Y S    94 A ALTERNATE LOCATION INDICATOR IS B AND
     NOT BLANK OR A. ATOM NAMED  NZ  WILL BE IGNORED !!!

 !!! IN RESIDUE G L N   109 A ALTERNATE LOCATION INDICATOR IS B AND
     NOT BLANK OR A. ATOM NAMED  CB  WILL BE IGNORED !!!

 !!! IN RESIDUE G L N   109 A ALTERNATE LOCATION INDICATOR IS B AND
     NOT BLANK OR A. ATOM NAMED  CG  WILL BE IGNORED !!!

 !!! IN RESIDUE G L N   109 A ALTERNATE LOCATION INDICATOR IS B AND
     NOT BLANK OR A. ATOM NAMED  CD  WILL BE IGNORED !!!

 !!! IN RESIDUE G L N   109 A ALTERNATE LOCATION INDICATOR IS B AND
     NOT BLANK OR A. ATOM NAMED  OE1 WILL BE IGNORED !!!

 !!! IN RESIDUE G L N   109 A ALTERNATE LOCATION INDICATOR IS B AND
     NOT BLANK OR A. ATOM NAMED  NE2 WILL BE IGNORED !!!

 !!! IN RESIDUE A R G   111 A ALTERNATE LOCATION INDICATOR IS B AND
     NOT BLANK OR A. ATOM NAMED  CB  WILL BE IGNORED !!!

 !!! IN RESIDUE A R G   111 A ALTERNATE LOCATION INDICATOR IS B AND
     NOT BLANK OR A. ATOM NAMED  CG  WILL BE IGNORED !!!

 !!! IN RESIDUE A R G   111 A ALTERNATE LOCATION INDICATOR IS B AND
     NOT BLANK OR A. ATOM NAMED  CD  WILL BE IGNORED !!!

 !!! IN RESIDUE A R G   111 A ALTERNATE LOCATION INDICATOR IS B AND
     NOT BLANK OR A. ATOM NAMED  NE  WILL BE IGNORED !!!

 !!! IN RESIDUE A R G   111 A ALTERNATE LOCATION INDICATOR IS B AND
     NOT BLANK OR A. ATOM NAMED  CZ  WILL BE IGNORED !!!

 !!! IN RESIDUE A R G   111 A ALTERNATE LOCATION INDICATOR IS B AND
     NOT BLANK OR A. ATOM NAMED  NH1 WILL BE IGNORED !!!

 !!! IN RESIDUE A R G   111 A ALTERNATE LOCATION INDICATOR IS B AND
     NOT BLANK OR A. ATOM NAMED  NH2 WILL BE IGNORED !!!

 !!! IN RESIDUE L Y S   134 A ALTERNATE LOCATION INDICATOR IS B AND
     NOT BLANK OR A. ATOM NAMED  CB  WILL BE IGNORED !!!

 !!! IN RESIDUE L Y S   134 A ALTERNATE LOCATION INDICATOR IS B AND
     NOT BLANK OR A. ATOM NAMED  CG  WILL BE IGNORED !!!

 !!! IN RESIDUE L Y S   134 A ALTERNATE LOCATION INDICATOR IS B AND
     NOT BLANK OR A. ATOM NAMED  CD  WILL BE IGNORED !!!

 !!! IN RESIDUE L Y S   134 A ALTERNATE LOCATION INDICATOR IS B AND
     NOT BLANK OR A. ATOM NAMED  CE  WILL BE IGNORED !!!

 !!! IN RESIDUE L Y S   134 A ALTERNATE LOCATION INDICATOR IS B AND
     NOT BLANK OR A. ATOM NAMED  NZ  WILL BE IGNORED !!!

 !!! IN RESIDUE T H R   153 A ALTERNATE LOCATION INDICATOR IS B AND
     NOT BLANK OR A. ATOM NAMED  CB  WILL BE IGNORED !!!

 !!! IN RESIDUE T H R   153 A ALTERNATE LOCATION INDICATOR IS B AND
     NOT BLANK OR A. ATOM NAMED  OG1 WILL BE IGNORED !!!

 !!! IN RESIDUE T H R   153 A ALTERNATE LOCATION INDICATOR IS B AND
     NOT BLANK OR A. ATOM NAMED  CG2 WILL BE IGNORED !!!

 !!! IN RESIDUE S E R   155 A ALTERNATE LOCATION INDICATOR IS B AND
     NOT BLANK OR A. ATOM NAMED  CB  WILL BE IGNORED !!!

 !!! IN RESIDUE S E R   155 A ALTERNATE LOCATION INDICATOR IS B AND
     NOT BLANK OR A. ATOM NAMED  OG  WILL BE IGNORED !!!

 !!! IN RESIDUE A S P   163 A ALTERNATE LOCATION INDICATOR IS B AND
     NOT BLANK OR A. ATOM NAMED  CB  WILL BE IGNORED !!!

 !!! IN RESIDUE A S P   163 A ALTERNATE LOCATION INDICATOR IS B AND
     NOT BLANK OR A. ATOM NAMED  CG  WILL BE IGNORED !!!

 !!! IN RESIDUE A S P   163 A ALTERNATE LOCATION INDICATOR IS B AND
     NOT BLANK OR A. ATOM NAMED  OD1 WILL BE IGNORED !!!

 !!! IN RESIDUE A S P   163 A ALTERNATE LOCATION INDICATOR IS B AND
     NOT BLANK OR A. ATOM NAMED  OD2 WILL BE IGNORED !!!

 !!! IN RESIDUE A S N   185 A ALTERNATE LOCATION INDICATOR IS B AND
     NOT BLANK OR A. ATOM NAMED  CB  WILL BE IGNORED !!!

 !!! IN RESIDUE A S N   185 A ALTERNATE LOCATION INDICATOR IS B AND
     NOT BLANK OR A. ATOM NAMED  CG  WILL BE IGNORED !!!

 !!! IN RESIDUE A S N   185 A ALTERNATE LOCATION INDICATOR IS B AND
     NOT BLANK OR A. ATOM NAMED  OD1 WILL BE IGNORED !!!

 !!! IN RESIDUE A S N   185 A ALTERNATE LOCATION INDICATOR IS B AND
     NOT BLANK OR A. ATOM NAMED  ND2 WILL BE IGNORED !!!

 !!! IN RESIDUE M E T   195 A ALTERNATE LOCATION INDICATOR IS B AND
     NOT BLANK OR A. ATOM NAMED  CB  WILL BE IGNORED !!!

 !!! IN RESIDUE M E T   195 A ALTERNATE LOCATION INDICATOR IS B AND
     NOT BLANK OR A. ATOM NAMED  CG  WILL BE IGNORED !!!

 !!! IN RESIDUE M E T   195 A ALTERNATE LOCATION INDICATOR IS B AND
     NOT BLANK OR A. ATOM NAMED  SD  WILL BE IGNORED !!!

 !!! IN RESIDUE M E T   195 A ALTERNATE LOCATION INDICATOR IS B AND
     NOT BLANK OR A. ATOM NAMED  CE  WILL BE IGNORED !!!

 !!! IN RESIDUE G L U   226 A ALTERNATE LOCATION INDICATOR IS B AND
     NOT BLANK OR A. ATOM NAMED  CB  WILL BE IGNORED !!!

 !!! IN RESIDUE G L U   226 A ALTERNATE LOCATION INDICATOR IS B AND
     NOT BLANK OR A. ATOM NAMED  CG  WILL BE IGNORED !!!

 !!! IN RESIDUE G L U   226 A ALTERNATE LOCATION INDICATOR IS B AND
     NOT BLANK OR A. ATOM NAMED  CD  WILL BE IGNORED !!!

 !!! IN RESIDUE G L U   226 A ALTERNATE LOCATION INDICATOR IS B AND
     NOT BLANK OR A. ATOM NAMED  OE1 WILL BE IGNORED !!!

 !!! IN RESIDUE G L U   226 A ALTERNATE LOCATION INDICATOR IS B AND
     NOT BLANK OR A. ATOM NAMED  OE2 WILL BE IGNORED !!!

 !!! IN RESIDUE S E R   248 A ALTERNATE LOCATION INDICATOR IS B AND
     NOT BLANK OR A. ATOM NAMED  CB  WILL BE IGNORED !!!

 !!! IN RESIDUE S E R   248 A ALTERNATE LOCATION INDICATOR IS B AND
     NOT BLANK OR A. ATOM NAMED  OG  WILL BE IGNORED !!!

 !!! IN RESIDUE G L U   255 A ALTERNATE LOCATION INDICATOR IS B AND
     NOT BLANK OR A. ATOM NAMED  CB  WILL BE IGNORED !!!

 !!! IN RESIDUE G L U   255 A ALTERNATE LOCATION INDICATOR IS B AND
     NOT BLANK OR A. ATOM NAMED  CG  WILL BE IGNORED !!!

 !!! IN RESIDUE G L U   255 A ALTERNATE LOCATION INDICATOR IS B AND
     NOT BLANK OR A. ATOM NAMED  CD  WILL BE IGNORED !!!

 !!! IN RESIDUE G L U   255 A ALTERNATE LOCATION INDICATOR IS B AND
     NOT BLANK OR A. ATOM NAMED  OE1 WILL BE IGNORED !!!

 !!! IN RESIDUE G L U   255 A ALTERNATE LOCATION INDICATOR IS B AND
     NOT BLANK OR A. ATOM NAMED  OE2 WILL BE IGNORED !!!

 !!! IN RESIDUE A S N   277 A ALTERNATE LOCATION INDICATOR IS B AND
     NOT BLANK OR A. ATOM NAMED  CB  WILL BE IGNORED !!!

 !!! IN RESIDUE A S N   277 A ALTERNATE LOCATION INDICATOR IS B AND
     NOT BLANK OR A. ATOM NAMED  CG  WILL BE IGNORED !!!

 !!! IN RESIDUE A S N   277 A ALTERNATE LOCATION INDICATOR IS B AND
     NOT BLANK OR A. ATOM NAMED  OD1 WILL BE IGNORED !!!

 !!! IN RESIDUE A S N   277 A ALTERNATE LOCATION INDICATOR IS B AND
     NOT BLANK OR A. ATOM NAMED  ND2 WILL BE IGNORED !!!

 !!! IN RESIDUE I L E   287 A ALTERNATE LOCATION INDICATOR IS B AND
     NOT BLANK OR A. ATOM NAMED  CB  WILL BE IGNORED !!!

 !!! IN RESIDUE I L E   287 A ALTERNATE LOCATION INDICATOR IS B AND
     NOT BLANK OR A. ATOM NAMED  CG1 WILL BE IGNORED !!!

 !!! IN RESIDUE I L E   287 A ALTERNATE LOCATION INDICATOR IS B AND
     NOT BLANK OR A. ATOM NAMED  CG2 WILL BE IGNORED !!!

 !!! IN RESIDUE I L E   287 A ALTERNATE LOCATION INDICATOR IS B AND
     NOT BLANK OR A. ATOM NAMED  CD1 WILL BE IGNORED !!!

 !!! IN RESIDUE P R O   288 A ALTERNATE LOCATION INDICATOR IS B AND
     NOT BLANK OR A. ATOM NAMED  N   WILL BE IGNORED !!!

 !!! IN RESIDUE P R O   288 A ALTERNATE LOCATION INDICATOR IS B AND
     NOT BLANK OR A. ATOM NAMED  CA  WILL BE IGNORED !!!

 !!! IN RESIDUE P R O   288 A ALTERNATE LOCATION INDICATOR IS B AND
     NOT BLANK OR A. ATOM NAMED  C   WILL BE IGNORED !!!

 !!! IN RESIDUE P R O   288 A ALTERNATE LOCATION INDICATOR IS B AND
     NOT BLANK OR A. ATOM NAMED  O   WILL BE IGNORED !!!

 !!! IN RESIDUE P R O   288 A ALTERNATE LOCATION INDICATOR IS B AND
     NOT BLANK OR A. ATOM NAMED  CB  WILL BE IGNORED !!!

 !!! IN RESIDUE P R O   288 A ALTERNATE LOCATION INDICATOR IS B AND
     NOT BLANK OR A. ATOM NAMED  CG  WILL BE IGNORED !!!

 !!! IN RESIDUE P R O   288 A ALTERNATE LOCATION INDICATOR IS B AND
     NOT BLANK OR A. ATOM NAMED  CD  WILL BE IGNORED !!!

 !!! IN RESIDUE L Y S   292 A ALTERNATE LOCATION INDICATOR IS B AND
     NOT BLANK OR A. ATOM NAMED  CB  WILL BE IGNORED !!!

 !!! IN RESIDUE L Y S   292 A ALTERNATE LOCATION INDICATOR IS B AND
     NOT BLANK OR A. ATOM NAMED  CG  WILL BE IGNORED !!!

 !!! IN RESIDUE L Y S   292 A ALTERNATE LOCATION INDICATOR IS B AND
     NOT BLANK OR A. ATOM NAMED  CD  WILL BE IGNORED !!!

 !!! IN RESIDUE L Y S   292 A ALTERNATE LOCATION INDICATOR IS B AND
     NOT BLANK OR A. ATOM NAMED  CE  WILL BE IGNORED !!!

 !!! IN RESIDUE L Y S   292 A ALTERNATE LOCATION INDICATOR IS B AND
     NOT BLANK OR A. ATOM NAMED  NZ  WILL BE IGNORED !!!

 !!! IN RESIDUE G L U   323 A ALTERNATE LOCATION INDICATOR IS B AND
     NOT BLANK OR A. ATOM NAMED  CB  WILL BE IGNORED !!!

 !!! IN RESIDUE G L U   323 A ALTERNATE LOCATION INDICATOR IS B AND
     NOT BLANK OR A. ATOM NAMED  CG  WILL BE IGNORED !!!

 !!! IN RESIDUE G L U   323 A ALTERNATE LOCATION INDICATOR IS B AND
     NOT BLANK OR A. ATOM NAMED  CD  WILL BE IGNORED !!!

 !!! IN RESIDUE G L U   323 A ALTERNATE LOCATION INDICATOR IS B AND
     NOT BLANK OR A. ATOM NAMED  OE1 WILL BE IGNORED !!!

 !!! IN RESIDUE G L U   323 A ALTERNATE LOCATION INDICATOR IS B AND
     NOT BLANK OR A. ATOM NAMED  OE2 WILL BE IGNORED !!!

 !!! IN RESIDUE L Y S   325 A ALTERNATE LOCATION INDICATOR IS B AND
     NOT BLANK OR A. ATOM NAMED  CB  WILL BE IGNORED !!!

 !!! IN RESIDUE L Y S   325 A ALTERNATE LOCATION INDICATOR IS B AND
     NOT BLANK OR A. ATOM NAMED  CG  WILL BE IGNORED !!!

 !!! IN RESIDUE L Y S   325 A ALTERNATE LOCATION INDICATOR IS B AND
     NOT BLANK OR A. ATOM NAMED  CD  WILL BE IGNORED !!!

 !!! IN RESIDUE L Y S   325 A ALTERNATE LOCATION INDICATOR IS B AND
     NOT BLANK OR A. ATOM NAMED  CE  WILL BE IGNORED !!!

 !!! IN RESIDUE L Y S   325 A ALTERNATE LOCATION INDICATOR IS B AND
     NOT BLANK OR A. ATOM NAMED  NZ  WILL BE IGNORED !!!

 !!! IN RESIDUE L Y S   353 A ALTERNATE LOCATION INDICATOR IS B AND
     NOT BLANK OR A. ATOM NAMED  CB  WILL BE IGNORED !!!

 !!! IN RESIDUE L Y S   353 A ALTERNATE LOCATION INDICATOR IS B AND
     NOT BLANK OR A. ATOM NAMED  CG  WILL BE IGNORED !!!

 !!! IN RESIDUE L Y S   353 A ALTERNATE LOCATION INDICATOR IS B AND
     NOT BLANK OR A. ATOM NAMED  CD  WILL BE IGNORED !!!

 !!! IN RESIDUE L Y S   353 A ALTERNATE LOCATION INDICATOR IS B AND
     NOT BLANK OR A. ATOM NAMED  CE  WILL BE IGNORED !!!

 !!! IN RESIDUE L Y S   353 A ALTERNATE LOCATION INDICATOR IS B AND
     NOT BLANK OR A. ATOM NAMED  NZ  WILL BE IGNORED !!!

 !!! IN RESIDUE L Y S   379 A ALTERNATE LOCATION INDICATOR IS B AND
     NOT BLANK OR A. ATOM NAMED  CB  WILL BE IGNORED !!!

 !!! IN RESIDUE L Y S   379 A ALTERNATE LOCATION INDICATOR IS B AND
     NOT BLANK OR A. ATOM NAMED  CG  WILL BE IGNORED !!!

 !!! IN RESIDUE L Y S   379 A ALTERNATE LOCATION INDICATOR IS B AND
     NOT BLANK OR A. ATOM NAMED  CD  WILL BE IGNORED !!!

 !!! IN RESIDUE L Y S   379 A ALTERNATE LOCATION INDICATOR IS B AND
     NOT BLANK OR A. ATOM NAMED  CE  WILL BE IGNORED !!!

 !!! IN RESIDUE L Y S   379 A ALTERNATE LOCATION INDICATOR IS B AND
     NOT BLANK OR A. ATOM NAMED  NZ  WILL BE IGNORED !!!

 !!! IN RESIDUE T Y R   381 A ALTERNATE LOCATION INDICATOR IS B AND
     NOT BLANK OR A. ATOM NAMED  N   WILL BE IGNORED !!!

 !!! IN RESIDUE T Y R   381 A ALTERNATE LOCATION INDICATOR IS B AND
     NOT BLANK OR A. ATOM NAMED  CA  WILL BE IGNORED !!!

 !!! IN RESIDUE T Y R   381 A ALTERNATE LOCATION INDICATOR IS B AND
     NOT BLANK OR A. ATOM NAMED  C   WILL BE IGNORED !!!

 !!! IN RESIDUE T Y R   381 A ALTERNATE LOCATION INDICATOR IS B AND
     NOT BLANK OR A. ATOM NAMED  O   WILL BE IGNORED !!!

 !!! IN RESIDUE T Y R   381 A ALTERNATE LOCATION INDICATOR IS B AND
     NOT BLANK OR A. ATOM NAMED  CB  WILL BE IGNORED !!!

 !!! IN RESIDUE T Y R   381 A ALTERNATE LOCATION INDICATOR IS B AND
     NOT BLANK OR A. ATOM NAMED  CG  WILL BE IGNORED !!!

 !!! IN RESIDUE T Y R   381 A ALTERNATE LOCATION INDICATOR IS B AND
     NOT BLANK OR A. ATOM NAMED  CD1 WILL BE IGNORED !!!

 !!! IN RESIDUE T Y R   381 A ALTERNATE LOCATION INDICATOR IS B AND
     NOT BLANK OR A. ATOM NAMED  CD2 WILL BE IGNORED !!!

 !!! IN RESIDUE T Y R   381 A ALTERNATE LOCATION INDICATOR IS B AND
     NOT BLANK OR A. ATOM NAMED  CE1 WILL BE IGNORED !!!

 !!! IN RESIDUE T Y R   381 A ALTERNATE LOCATION INDICATOR IS B AND
     NOT BLANK OR A. ATOM NAMED  CE2 WILL BE IGNORED !!!

 !!! IN RESIDUE T Y R   381 A ALTERNATE LOCATION INDICATOR IS B AND
     NOT BLANK OR A. ATOM NAMED  CZ  WILL BE IGNORED !!!

 !!! IN RESIDUE T Y R   381 A ALTERNATE LOCATION INDICATOR IS B AND
     NOT BLANK OR A. ATOM NAMED  OH  WILL BE IGNORED !!!

 !!! IN RESIDUE A S N   382 A ALTERNATE LOCATION INDICATOR IS B AND
     NOT BLANK OR A. ATOM NAMED  N   WILL BE IGNORED !!!

 !!! IN RESIDUE A S N   382 A ALTERNATE LOCATION INDICATOR IS B AND
     NOT BLANK OR A. ATOM NAMED  CA  WILL BE IGNORED !!!

 !!! IN RESIDUE A S N   382 A ALTERNATE LOCATION INDICATOR IS B AND
     NOT BLANK OR A. ATOM NAMED  C   WILL BE IGNORED !!!

 !!! IN RESIDUE A S N   382 A ALTERNATE LOCATION INDICATOR IS B AND
     NOT BLANK OR A. ATOM NAMED  O   WILL BE IGNORED !!!

 !!! IN RESIDUE A S N   382 A ALTERNATE LOCATION INDICATOR IS B AND
     NOT BLANK OR A. ATOM NAMED  CB  WILL BE IGNORED !!!

 !!! IN RESIDUE A S N   382 A ALTERNATE LOCATION INDICATOR IS B AND
     NOT BLANK OR A. ATOM NAMED  CG  WILL BE IGNORED !!!

 !!! IN RESIDUE A S N   382 A ALTERNATE LOCATION INDICATOR IS B AND
     NOT BLANK OR A. ATOM NAMED  OD1 WILL BE IGNORED !!!

 !!! IN RESIDUE A S N   382 A ALTERNATE LOCATION INDICATOR IS B AND
     NOT BLANK OR A. ATOM NAMED  ND2 WILL BE IGNORED !!!

 !!! IN RESIDUE A S N   382 A ALTERNATE LOCATION INDICATOR IS B AND
     NOT BLANK OR A. ATOM NAMED  OXT WILL BE IGNORED !!!

 !!! RESIDUE ASN  382 A HAS  5 INSTEAD OF EXPECTED   4 SIDECHAIN ATOMS.
     LAST SIDECHAIN ATOM NAME IS  OXT
     CALCULATED SOLVENT ACCESSIBILITY INCLUDES EXTRA ATOMS !!!

INPUTCOORDINATES DONE         378
FLAGSSBONDS DONE
FLAGCHIRALITY DONE
FLAGHYDROGENBONDS DONE
FLAGBRIDGE DONE
FLAGTURN DONE
FLAGACCESS DONE
PRINTOUT DONE
