 
                           DSSP
            by Wolfgang Kabsch and Chris Sander

Defines secondary structure and solvent exposure of proteins from
atomic coordinates as given in Protein Data Bank format.   

_________________________________________________________________________
This version licensed to Ethan Benatan at Univ_Pittsburgh               
for academic purposes.                                                 
Do not redistribute. 

Commercial licenses available on request.                                

Copyright by Wolfgang Kabsch and Chris Sander, 1983, 1985, 1988. 
Fax: +49-6221-387 306

Algorithm version October 1988. Refer to Biopolymers 22(1983) 2577-2637.
Do report errors if you find any.

Email: Sander@embl-heidelberg.de 
       Kabsch@embl-heidelberg.de 

_________________________________________________________________________
Related databases and datasets available from the Protein
Design Group at EMBL via anonymous ftp from embl-heidelberg.de:

pdb_select   Representative set of protein structures.
             By U. Hobohm, C. Sander, M. Scharf and R. Schneider.
             See Protein Science 1, 409-417.
DSSP         Dictionary of secondary structures of proteins. 
HSSP         Database of sequence-homology derived protein families.
             By C. Sander and R.Schneider.
             See Proteins 9, 56-68 (1991).
FSSP         Database of protein structure families with 
             common folding motifs. 
             L.Holm, C. Ouzounis, C. Sander, G.Tuparev, G. Vriend
             See Protein Science, in the press (1992).
In the XSSP databases, there is one dataset for each unique or
             representative PDB protein, e.g., 1PPT.HSSP etc.

Restrictions:Commercial users must apply for a license. 
             Not to be used for classified research.
 !!! RESIDUE ARG    1 A HAS 11 INSTEAD OF EXPECTED   7 SIDECHAIN ATOMS.
     LAST SIDECHAIN ATOM NAME IS DH22
     CALCULATED SOLVENT ACCESSIBILITY INCLUDES EXTRA ATOMS !!!

 !!! RESIDUE LEU    6 A HAS 10 INSTEAD OF EXPECTED   4 SIDECHAIN ATOMS.
     LAST SIDECHAIN ATOM NAME IS HD23
     CALCULATED SOLVENT ACCESSIBILITY INCLUDES EXTRA ATOMS !!!

 !!! IN RESIDUE G L U     7 A ALTERNATE LOCATION INDICATOR IS B AND
     NOT BLANK OR A. ATOM NAMED  CB  WILL BE IGNORED !!!

 !!! IN RESIDUE G L U     7 A ALTERNATE LOCATION INDICATOR IS B AND
     NOT BLANK OR A. ATOM NAMED  CG  WILL BE IGNORED !!!

 !!! IN RESIDUE G L U     7 A ALTERNATE LOCATION INDICATOR IS B AND
     NOT BLANK OR A. ATOM NAMED  CD  WILL BE IGNORED !!!

 !!! IN RESIDUE G L U     7 A ALTERNATE LOCATION INDICATOR IS B AND
     NOT BLANK OR A. ATOM NAMED  OE1 WILL BE IGNORED !!!

 !!! IN RESIDUE G L U     7 A ALTERNATE LOCATION INDICATOR IS B AND
     NOT BLANK OR A. ATOM NAMED  OE2 WILL BE IGNORED !!!

 !!! IN RESIDUE G L U     7 A ALTERNATE LOCATION INDICATOR IS B AND
     NOT BLANK OR A. ATOM NAMED  HB2 WILL BE IGNORED !!!

 !!! IN RESIDUE G L U     7 A ALTERNATE LOCATION INDICATOR IS B AND
     NOT BLANK OR A. ATOM NAMED  HB3 WILL BE IGNORED !!!

 !!! IN RESIDUE G L U     7 A ALTERNATE LOCATION INDICATOR IS B AND
     NOT BLANK OR A. ATOM NAMED  HG2 WILL BE IGNORED !!!

 !!! IN RESIDUE G L U     7 A ALTERNATE LOCATION INDICATOR IS B AND
     NOT BLANK OR A. ATOM NAMED  HG3 WILL BE IGNORED !!!

 !!! RESIDUE THR   11 A HAS  6 INSTEAD OF EXPECTED   3 SIDECHAIN ATOMS.
     LAST SIDECHAIN ATOM NAME IS HG23
     CALCULATED SOLVENT ACCESSIBILITY INCLUDES EXTRA ATOMS !!!

 !!! RESIDUE ARG   17 A HAS 11 INSTEAD OF EXPECTED   7 SIDECHAIN ATOMS.
     LAST SIDECHAIN ATOM NAME IS DH22
     CALCULATED SOLVENT ACCESSIBILITY INCLUDES EXTRA ATOMS !!!

 !!! RESIDUE ILE   18 A HAS 12 INSTEAD OF EXPECTED   4 SIDECHAIN ATOMS.
     LAST SIDECHAIN ATOM NAME IS HD13
     CALCULATED SOLVENT ACCESSIBILITY INCLUDES EXTRA ATOMS !!!

 !!! RESIDUE ILE   19 A HAS 12 INSTEAD OF EXPECTED   4 SIDECHAIN ATOMS.
     LAST SIDECHAIN ATOM NAME IS HD13
     CALCULATED SOLVENT ACCESSIBILITY INCLUDES EXTRA ATOMS !!!

 !!! RESIDUE ARG   20 A HAS 11 INSTEAD OF EXPECTED   7 SIDECHAIN ATOMS.
     LAST SIDECHAIN ATOM NAME IS DH22
     CALCULATED SOLVENT ACCESSIBILITY INCLUDES EXTRA ATOMS !!!

 !!! RESIDUE ASN   24 A HAS  6 INSTEAD OF EXPECTED   4 SIDECHAIN ATOMS.
     LAST SIDECHAIN ATOM NAME IS DD22
     CALCULATED SOLVENT ACCESSIBILITY INCLUDES EXTRA ATOMS !!!

 !!! RESIDUE LEU   29 A HAS 10 INSTEAD OF EXPECTED   4 SIDECHAIN ATOMS.
     LAST SIDECHAIN ATOM NAME IS HD23
     CALCULATED SOLVENT ACCESSIBILITY INCLUDES EXTRA ATOMS !!!

 !!! RESIDUE GLN   31 A HAS  7 INSTEAD OF EXPECTED   5 SIDECHAIN ATOMS.
     LAST SIDECHAIN ATOM NAME IS DE22
     CALCULATED SOLVENT ACCESSIBILITY INCLUDES EXTRA ATOMS !!!

 !!! RESIDUE THR   32 A HAS  6 INSTEAD OF EXPECTED   3 SIDECHAIN ATOMS.
     LAST SIDECHAIN ATOM NAME IS HG23
     CALCULATED SOLVENT ACCESSIBILITY INCLUDES EXTRA ATOMS !!!

 !!! RESIDUE VAL   34 A HAS  9 INSTEAD OF EXPECTED   3 SIDECHAIN ATOMS.
     LAST SIDECHAIN ATOM NAME IS HG23
     CALCULATED SOLVENT ACCESSIBILITY INCLUDES EXTRA ATOMS !!!

 !!! RESIDUE ARG   39 A HAS 11 INSTEAD OF EXPECTED   7 SIDECHAIN ATOMS.
     LAST SIDECHAIN ATOM NAME IS DH22
     CALCULATED SOLVENT ACCESSIBILITY INCLUDES EXTRA ATOMS !!!

 !!! RESIDUE ARG   42 A HAS 11 INSTEAD OF EXPECTED   7 SIDECHAIN ATOMS.
     LAST SIDECHAIN ATOM NAME IS DH22
     CALCULATED SOLVENT ACCESSIBILITY INCLUDES EXTRA ATOMS !!!

 !!! RESIDUE ASN   43 A HAS  6 INSTEAD OF EXPECTED   4 SIDECHAIN ATOMS.
     LAST SIDECHAIN ATOM NAME IS DD22
     CALCULATED SOLVENT ACCESSIBILITY INCLUDES EXTRA ATOMS !!!

 !!! RESIDUE ASN   44 A HAS  6 INSTEAD OF EXPECTED   4 SIDECHAIN ATOMS.
     LAST SIDECHAIN ATOM NAME IS DD22
     CALCULATED SOLVENT ACCESSIBILITY INCLUDES EXTRA ATOMS !!!

 !!! IN RESIDUE M E T    52 A ALTERNATE LOCATION INDICATOR IS B AND
     NOT BLANK OR A. ATOM NAMED  CG  WILL BE IGNORED !!!

 !!! IN RESIDUE M E T    52 A ALTERNATE LOCATION INDICATOR IS B AND
     NOT BLANK OR A. ATOM NAMED  SD  WILL BE IGNORED !!!

 !!! IN RESIDUE M E T    52 A ALTERNATE LOCATION INDICATOR IS B AND
     NOT BLANK OR A. ATOM NAMED  CE  WILL BE IGNORED !!!

 !!! IN RESIDUE M E T    52 A ALTERNATE LOCATION INDICATOR IS B AND
     NOT BLANK OR A. ATOM NAMED  HG2 WILL BE IGNORED !!!

 !!! IN RESIDUE M E T    52 A ALTERNATE LOCATION INDICATOR IS B AND
     NOT BLANK OR A. ATOM NAMED  HG3 WILL BE IGNORED !!!

 !!! IN RESIDUE M E T    52 A ALTERNATE LOCATION INDICATOR IS B AND
     NOT BLANK OR A. ATOM NAMED  HE1 WILL BE IGNORED !!!

 !!! IN RESIDUE M E T    52 A ALTERNATE LOCATION INDICATOR IS B AND
     NOT BLANK OR A. ATOM NAMED  HE2 WILL BE IGNORED !!!

 !!! IN RESIDUE M E T    52 A ALTERNATE LOCATION INDICATOR IS B AND
     NOT BLANK OR A. ATOM NAMED  HE3 WILL BE IGNORED !!!

 !!! RESIDUE ARG   53 A HAS 11 INSTEAD OF EXPECTED   7 SIDECHAIN ATOMS.
     LAST SIDECHAIN ATOM NAME IS DH22
     CALCULATED SOLVENT ACCESSIBILITY INCLUDES EXTRA ATOMS !!!

 !!! RESIDUE THR   54 A HAS  6 INSTEAD OF EXPECTED   3 SIDECHAIN ATOMS.
     LAST SIDECHAIN ATOM NAME IS HG23
     CALCULATED SOLVENT ACCESSIBILITY INCLUDES EXTRA ATOMS !!!

 !!! RESIDUE ALA   58 A HAS  2 INSTEAD OF EXPECTED   1 SIDECHAIN ATOMS.
     LAST SIDECHAIN ATOM NAME IS  OXT
     CALCULATED SOLVENT ACCESSIBILITY INCLUDES EXTRA ATOMS !!!

 !!!          363 HYDROGEN OR DEUTERIUM ATOMS WERE IGNORED
     IN THE CALCULATION OF SIDE CHAIN SOLVENT 
     ACCESSIBILITY !!!
INPUTCOORDINATES DONE          58
FLAGSSBONDS DONE
FLAGCHIRALITY DONE
FLAGHYDROGENBONDS DONE
FLAGBRIDGE DONE
FLAGTURN DONE
FLAGACCESS DONE
PRINTOUT DONE
